

Started DELETE "/users/sign_out" for 127.0.0.1 at 2013-05-05 21:32:34 -0700
Processing by Devise::SessionsController#destroy as HTML
  Parameters: {"authenticity_token"=>"1KHIO4xqcEkvNRPM42DkpRcVfpRTazVDN/gdiAeP9oc="}
  [1m[36mUser Load (0.4ms)[0m  [1mSELECT `users`.* FROM `users` WHERE `users`.`id` = 1 LIMIT 1[0m
  [1m[35m (0.3ms)[0m  BEGIN
  [1m[36m (0.2ms)[0m  [1mCOMMIT[0m
Redirected to http://localhost:3000/
Completed 302 Found in 41ms (ActiveRecord: 3.9ms)


Started GET "/" for 127.0.0.1 at 2013-05-05 21:32:35 -0700
Processing by WelcomesController#index as HTML
  Rendered layouts/_main_nav.html.erb (1.3ms)
  [1m[35mDynamicText Load (0.3ms)[0m  SELECT `dynamic_texts`.* FROM `dynamic_texts` WHERE (location LIKE '%home_top%' AND visible = '1') ORDER BY sequence ASC
  [1m[36mDynamicText Load (0.3ms)[0m  [1mSELECT `dynamic_texts`.* FROM `dynamic_texts` WHERE (location LIKE '%home_slide%' AND visible = '1') ORDER BY sequence ASC[0m
  [1m[35mDynamicText Load (0.6ms)[0m  SELECT `dynamic_texts`.* FROM `dynamic_texts` WHERE (location LIKE '%home_bottom%' AND visible = '1') ORDER BY sequence ASC
  Rendered welcomes/index.html.erb within layouts/application (21.0ms)
  Rendered layouts/_header.html.erb (1.6ms)
  Rendered layouts/_footer.html.erb (1.0ms)
Completed 200 OK in 262ms (Views: 257.7ms | ActiveRecord: 3.4ms)


Started GET "/assets/application.css?body=1" for 127.0.0.1 at 2013-05-05 21:32:35 -0700
Served asset /application.css - 304 Not Modified (0ms)


Started GET "/assets/jquery.js?body=1" for 127.0.0.1 at 2013-05-05 21:32:35 -0700
Served asset /jquery.js - 304 Not Modified (0ms)


Started GET "/assets/jquery.cycle.all.js?body=1" for 127.0.0.1 at 2013-05-05 21:32:35 -0700
Served asset /jquery.cycle.all.js - 304 Not Modified (0ms)


Started GET "/assets/jquery_ujs.js?body=1" for 127.0.0.1 at 2013-05-05 21:32:35 -0700
Served asset /jquery_ujs.js - 304 Not Modified (0ms)


Started GET "/assets/html5shiv-printshiv.js?body=1" for 127.0.0.1 at 2013-05-05 21:32:35 -0700
Served asset /html5shiv-printshiv.js - 304 Not Modified (0ms)


Started GET "/assets/OLDhtml5_fix.js?body=1" for 127.0.0.1 at 2013-05-05 21:32:35 -0700
Served asset /OLDhtml5_fix.js - 304 Not Modified (0ms)


Started GET "/assets/OLDhtml5shiv.js?body=1" for 127.0.0.1 at 2013-05-05 21:32:35 -0700
Served asset /OLDhtml5shiv.js - 304 Not Modified (0ms)


Started GET "/assets/jquery-ui.js?body=1" for 127.0.0.1 at 2013-05-05 21:32:35 -0700
Served asset /jquery-ui.js - 304 Not Modified (0ms)


Started GET "/assets/active_admin/lib/namespace.js?body=1" for 127.0.0.1 at 2013-05-05 21:32:35 -0700
Served asset /active_admin/lib/namespace.js - 304 Not Modified (0ms)


Started GET "/assets/active_admin/components/jquery.aa.checkbox-toggler.js?body=1" for 127.0.0.1 at 2013-05-05 21:32:35 -0700
Served asset /active_admin/components/jquery.aa.checkbox-toggler.js - 304 Not Modified (0ms)


Started GET "/assets/active_admin/components/jquery.aa.dropdown-menu.js?body=1" for 127.0.0.1 at 2013-05-05 21:32:35 -0700
Served asset /active_admin/components/jquery.aa.dropdown-menu.js - 304 Not Modified (0ms)


Started GET "/assets/active_admin/components/jquery.aa.popover.js?body=1" for 127.0.0.1 at 2013-05-05 21:32:35 -0700
Served asset /active_admin/components/jquery.aa.popover.js - 304 Not Modified (0ms)


Started GET "/assets/active_admin/pages/application.js?body=1" for 127.0.0.1 at 2013-05-05 21:32:35 -0700
Served asset /active_admin/pages/application.js - 304 Not Modified (0ms)


Started GET "/assets/active_admin/components/jquery.aa.table-checkbox-toggler.js?body=1" for 127.0.0.1 at 2013-05-05 21:32:35 -0700
Served asset /active_admin/components/jquery.aa.table-checkbox-toggler.js - 304 Not Modified (0ms)


Started GET "/assets/active_admin/pages/batch_actions.js?body=1" for 127.0.0.1 at 2013-05-05 21:32:35 -0700
Served asset /active_admin/pages/batch_actions.js - 304 Not Modified (0ms)


Started GET "/assets/active_admin/application.js?body=1" for 127.0.0.1 at 2013-05-05 21:32:35 -0700
Served asset /active_admin/application.js - 304 Not Modified (0ms)


Started GET "/assets/active_admin/base.js?body=1" for 127.0.0.1 at 2013-05-05 21:32:35 -0700
Served asset /active_admin/base.js - 304 Not Modified (0ms)


Started GET "/assets/application.js?body=1" for 127.0.0.1 at 2013-05-05 21:32:35 -0700
Served asset /application.js - 304 Not Modified (0ms)


Started GET "/assets/active_admin.js?body=1" for 127.0.0.1 at 2013-05-05 21:32:35 -0700
Served asset /active_admin.js - 304 Not Modified (0ms)


Started GET "/assets/filler_v12.jpg" for 127.0.0.1 at 2013-05-05 21:32:35 -0700
Served asset /filler_v12.jpg - 304 Not Modified (0ms)


Started GET "/assets/notification_check.png" for 127.0.0.1 at 2013-05-05 21:32:35 -0700
Served asset /notification_check.png - 304 Not Modified (0ms)


Started GET "/assets/logo_small.png" for 127.0.0.1 at 2013-05-05 21:32:35 -0700
Served asset /logo_small.png - 304 Not Modified (0ms)


Started GET "/assets/slide_rate.png" for 127.0.0.1 at 2013-05-05 21:32:35 -0700
Served asset /slide_rate.png - 304 Not Modified (0ms)


Started GET "/assets/intl_gum_logo_large.jpg" for 127.0.0.1 at 2013-05-05 21:32:35 -0700
Served asset /intl_gum_logo_large.jpg - 304 Not Modified (0ms)


Started GET "/assets/slide_concept.png" for 127.0.0.1 at 2013-05-05 21:32:36 -0700
Served asset /slide_concept.png - 304 Not Modified (0ms)


Started GET "/admin" for 127.0.0.1 at 2013-05-05 21:32:40 -0700
Processing by Admin::DashboardController#index as HTML
Completed 401 Unauthorized in 3ms


Started GET "/admin/login" for 127.0.0.1 at 2013-05-05 21:32:40 -0700
Processing by ActiveAdmin::Devise::SessionsController#new as HTML
  Rendered /Users/kevinhoiland/.rvm/gems/ruby-1.9.3-p362/gems/activeadmin-0.5.1/app/views/active_admin/devise/shared/_links.erb (1.4ms)
  Rendered /Users/kevinhoiland/.rvm/gems/ruby-1.9.3-p362/gems/activeadmin-0.5.1/app/views/active_admin/devise/sessions/new.html.erb within layouts/active_admin_logged_out (140.1ms)
Completed 200 OK in 596ms (Views: 576.4ms | ActiveRecord: 2.4ms)


Started GET "/assets/active_admin.css?body=1" for 127.0.0.1 at 2013-05-05 21:32:41 -0700
Served asset /active_admin.css - 304 Not Modified (12ms)


Started GET "/assets/active_admin/lib/namespace.js?body=1" for 127.0.0.1 at 2013-05-05 21:32:41 -0700
Served asset /active_admin/lib/namespace.js - 304 Not Modified (0ms)


Started GET "/assets/jquery-ui.js?body=1" for 127.0.0.1 at 2013-05-05 21:32:41 -0700
Served asset /jquery-ui.js - 304 Not Modified (0ms)


Started GET "/assets/jquery_ujs.js?body=1" for 127.0.0.1 at 2013-05-05 21:32:41 -0700
Served asset /jquery_ujs.js - 304 Not Modified (0ms)


Started GET "/assets/jquery.js?body=1" for 127.0.0.1 at 2013-05-05 21:32:41 -0700
Served asset /jquery.js - 304 Not Modified (0ms)


Started GET "/assets/active_admin/components/jquery.aa.checkbox-toggler.js?body=1" for 127.0.0.1 at 2013-05-05 21:32:41 -0700
Served asset /active_admin/components/jquery.aa.checkbox-toggler.js - 304 Not Modified (0ms)


Started GET "/assets/active_admin/components/jquery.aa.dropdown-menu.js?body=1" for 127.0.0.1 at 2013-05-05 21:32:41 -0700
Served asset /active_admin/components/jquery.aa.dropdown-menu.js - 304 Not Modified (0ms)


Started GET "/assets/active_admin/components/jquery.aa.table-checkbox-toggler.js?body=1" for 127.0.0.1 at 2013-05-05 21:32:41 -0700
Served asset /active_admin/components/jquery.aa.table-checkbox-toggler.js - 304 Not Modified (0ms)


Started GET "/assets/active_admin/components/jquery.aa.popover.js?body=1" for 127.0.0.1 at 2013-05-05 21:32:41 -0700
Served asset /active_admin/components/jquery.aa.popover.js - 304 Not Modified (0ms)


Started GET "/assets/active_admin/pages/application.js?body=1" for 127.0.0.1 at 2013-05-05 21:32:41 -0700
Served asset /active_admin/pages/application.js - 304 Not Modified (0ms)


Started GET "/assets/active_admin/pages/batch_actions.js?body=1" for 127.0.0.1 at 2013-05-05 21:32:41 -0700
Served asset /active_admin/pages/batch_actions.js - 304 Not Modified (0ms)


Started GET "/assets/active_admin/application.js?body=1" for 127.0.0.1 at 2013-05-05 21:32:41 -0700
Served asset /active_admin/application.js - 304 Not Modified (0ms)


Started GET "/assets/active_admin/base.js?body=1" for 127.0.0.1 at 2013-05-05 21:32:41 -0700
Served asset /active_admin/base.js - 304 Not Modified (0ms)


Started GET "/assets/active_admin.js?body=1" for 127.0.0.1 at 2013-05-05 21:32:41 -0700
Served asset /active_admin.js - 304 Not Modified (0ms)


Started GET "/assets/active_admin/print.css?body=1" for 127.0.0.1 at 2013-05-05 21:32:41 -0700
Served asset /active_admin/print.css - 304 Not Modified (2ms)


Started POST "/admin/login" for 127.0.0.1 at 2013-05-05 21:33:04 -0700
Processing by ActiveAdmin::Devise::SessionsController#create as HTML
  Parameters: {"utf8"=>"✓", "authenticity_token"=>"deO6hi0o28rddHNgjlqDkTWhirQLfBonrpAt9yFXjrM=", "admin_user"=>{"email"=>"kevin.hoiland@intlgum.com", "password"=>"[FILTERED]", "remember_me"=>"0"}, "commit"=>"Login"}
  [1m[36mAdminUser Load (66.1ms)[0m  [1mSELECT `admin_users`.* FROM `admin_users` WHERE `admin_users`.`email` = 'kevin.hoiland@intlgum.com' LIMIT 1[0m
Completed 401 Unauthorized in 137ms
Processing by ActiveAdmin::Devise::SessionsController#new as HTML
  Parameters: {"utf8"=>"✓", "authenticity_token"=>"deO6hi0o28rddHNgjlqDkTWhirQLfBonrpAt9yFXjrM=", "admin_user"=>{"email"=>"kevin.hoiland@intlgum.com", "password"=>"[FILTERED]", "remember_me"=>"0"}, "commit"=>"Login"}
  Rendered /Users/kevinhoiland/.rvm/gems/ruby-1.9.3-p362/gems/activeadmin-0.5.1/app/views/active_admin/devise/shared/_links.erb (0.1ms)
  Rendered /Users/kevinhoiland/.rvm/gems/ruby-1.9.3-p362/gems/activeadmin-0.5.1/app/views/active_admin/devise/sessions/new.html.erb within layouts/active_admin_logged_out (18.8ms)
Completed 200 OK in 289ms (Views: 220.3ms | ActiveRecord: 0.0ms)


Started GET "/assets/active_admin.css?body=1" for 127.0.0.1 at 2013-05-05 21:33:05 -0700
Served asset /active_admin.css - 304 Not Modified (1ms)


Started GET "/assets/jquery.js?body=1" for 127.0.0.1 at 2013-05-05 21:33:05 -0700
Served asset /jquery.js - 304 Not Modified (0ms)


Started GET "/assets/jquery-ui.js?body=1" for 127.0.0.1 at 2013-05-05 21:33:05 -0700
Served asset /jquery-ui.js - 304 Not Modified (0ms)


Started GET "/assets/jquery_ujs.js?body=1" for 127.0.0.1 at 2013-05-05 21:33:05 -0700
Served asset /jquery_ujs.js - 304 Not Modified (0ms)


Started GET "/assets/active_admin/lib/namespace.js?body=1" for 127.0.0.1 at 2013-05-05 21:33:05 -0700
Served asset /active_admin/lib/namespace.js - 304 Not Modified (0ms)


Started GET "/assets/active_admin/components/jquery.aa.checkbox-toggler.js?body=1" for 127.0.0.1 at 2013-05-05 21:33:05 -0700
Served asset /active_admin/components/jquery.aa.checkbox-toggler.js - 304 Not Modified (0ms)


Started GET "/assets/active_admin/components/jquery.aa.dropdown-menu.js?body=1" for 127.0.0.1 at 2013-05-05 21:33:05 -0700
Served asset /active_admin/components/jquery.aa.dropdown-menu.js - 304 Not Modified (0ms)


Started GET "/assets/active_admin/components/jquery.aa.popover.js?body=1" for 127.0.0.1 at 2013-05-05 21:33:05 -0700
Served asset /active_admin/components/jquery.aa.popover.js - 304 Not Modified (0ms)


Started GET "/assets/active_admin/components/jquery.aa.table-checkbox-toggler.js?body=1" for 127.0.0.1 at 2013-05-05 21:33:05 -0700
Served asset /active_admin/components/jquery.aa.table-checkbox-toggler.js - 304 Not Modified (0ms)


Started GET "/assets/active_admin/pages/application.js?body=1" for 127.0.0.1 at 2013-05-05 21:33:05 -0700
Served asset /active_admin/pages/application.js - 304 Not Modified (0ms)


Started GET "/assets/active_admin/pages/batch_actions.js?body=1" for 127.0.0.1 at 2013-05-05 21:33:05 -0700
Served asset /active_admin/pages/batch_actions.js - 304 Not Modified (0ms)


Started GET "/assets/active_admin/base.js?body=1" for 127.0.0.1 at 2013-05-05 21:33:05 -0700
Served asset /active_admin/base.js - 304 Not Modified (0ms)


Started GET "/assets/active_admin.js?body=1" for 127.0.0.1 at 2013-05-05 21:33:05 -0700
Served asset /active_admin.js - 304 Not Modified (0ms)


Started GET "/assets/active_admin/application.js?body=1" for 127.0.0.1 at 2013-05-05 21:33:05 -0700
Served asset /active_admin/application.js - 304 Not Modified (0ms)


Started GET "/assets/active_admin/print.css?body=1" for 127.0.0.1 at 2013-05-05 21:33:05 -0700
Served asset /active_admin/print.css - 304 Not Modified (0ms)


Started POST "/admin/login" for 127.0.0.1 at 2013-05-05 21:33:09 -0700
Processing by ActiveAdmin::Devise::SessionsController#create as HTML
  Parameters: {"utf8"=>"✓", "authenticity_token"=>"deO6hi0o28rddHNgjlqDkTWhirQLfBonrpAt9yFXjrM=", "admin_user"=>{"email"=>"kevin.hoiland@intlgum.com", "password"=>"[FILTERED]", "remember_me"=>"0"}, "commit"=>"Login"}
  [1m[35mAdminUser Load (0.4ms)[0m  SELECT `admin_users`.* FROM `admin_users` WHERE `admin_users`.`email` = 'kevin.hoiland@intlgum.com' LIMIT 1
Completed 401 Unauthorized in 70ms
Processing by ActiveAdmin::Devise::SessionsController#new as HTML
  Parameters: {"utf8"=>"✓", "authenticity_token"=>"deO6hi0o28rddHNgjlqDkTWhirQLfBonrpAt9yFXjrM=", "admin_user"=>{"email"=>"kevin.hoiland@intlgum.com", "password"=>"[FILTERED]", "remember_me"=>"0"}, "commit"=>"Login"}
  Rendered /Users/kevinhoiland/.rvm/gems/ruby-1.9.3-p362/gems/activeadmin-0.5.1/app/views/active_admin/devise/shared/_links.erb (0.1ms)
  Rendered /Users/kevinhoiland/.rvm/gems/ruby-1.9.3-p362/gems/activeadmin-0.5.1/app/views/active_admin/devise/sessions/new.html.erb within layouts/active_admin_logged_out (75.5ms)
Completed 200 OK in 345ms (Views: 276.2ms | ActiveRecord: 0.0ms)


Started GET "/assets/active_admin.css?body=1" for 127.0.0.1 at 2013-05-05 21:33:09 -0700
Served asset /active_admin.css - 304 Not Modified (1ms)


Started GET "/assets/jquery.js?body=1" for 127.0.0.1 at 2013-05-05 21:33:09 -0700
Served asset /jquery.js - 304 Not Modified (0ms)


Started GET "/assets/jquery-ui.js?body=1" for 127.0.0.1 at 2013-05-05 21:33:09 -0700
Served asset /jquery-ui.js - 304 Not Modified (0ms)


Started GET "/assets/jquery_ujs.js?body=1" for 127.0.0.1 at 2013-05-05 21:33:09 -0700
Served asset /jquery_ujs.js - 304 Not Modified (0ms)


Started GET "/assets/active_admin/lib/namespace.js?body=1" for 127.0.0.1 at 2013-05-05 21:33:09 -0700
Served asset /active_admin/lib/namespace.js - 304 Not Modified (0ms)


Started GET "/assets/active_admin/components/jquery.aa.dropdown-menu.js?body=1" for 127.0.0.1 at 2013-05-05 21:33:09 -0700
Served asset /active_admin/components/jquery.aa.dropdown-menu.js - 304 Not Modified (0ms)


Started GET "/assets/active_admin/components/jquery.aa.checkbox-toggler.js?body=1" for 127.0.0.1 at 2013-05-05 21:33:09 -0700
Served asset /active_admin/components/jquery.aa.checkbox-toggler.js - 304 Not Modified (0ms)


Started GET "/assets/active_admin/components/jquery.aa.popover.js?body=1" for 127.0.0.1 at 2013-05-05 21:33:09 -0700
Served asset /active_admin/components/jquery.aa.popover.js - 304 Not Modified (0ms)


Started GET "/assets/active_admin/components/jquery.aa.table-checkbox-toggler.js?body=1" for 127.0.0.1 at 2013-05-05 21:33:09 -0700
Served asset /active_admin/components/jquery.aa.table-checkbox-toggler.js - 304 Not Modified (0ms)


Started GET "/assets/active_admin/pages/application.js?body=1" for 127.0.0.1 at 2013-05-05 21:33:09 -0700
Served asset /active_admin/pages/application.js - 304 Not Modified (0ms)


Started GET "/assets/active_admin/pages/batch_actions.js?body=1" for 127.0.0.1 at 2013-05-05 21:33:09 -0700
Served asset /active_admin/pages/batch_actions.js - 304 Not Modified (0ms)


Started GET "/assets/active_admin/application.js?body=1" for 127.0.0.1 at 2013-05-05 21:33:09 -0700
Served asset /active_admin/application.js - 304 Not Modified (0ms)


Started GET "/assets/active_admin/base.js?body=1" for 127.0.0.1 at 2013-05-05 21:33:09 -0700
Served asset /active_admin/base.js - 304 Not Modified (0ms)


Started GET "/assets/active_admin.js?body=1" for 127.0.0.1 at 2013-05-05 21:33:09 -0700
Served asset /active_admin.js - 304 Not Modified (0ms)


Started GET "/assets/active_admin/print.css?body=1" for 127.0.0.1 at 2013-05-05 21:33:09 -0700
Served asset /active_admin/print.css - 304 Not Modified (0ms)


Started POST "/admin/login" for 127.0.0.1 at 2013-05-05 21:33:21 -0700
Processing by ActiveAdmin::Devise::SessionsController#create as HTML
  Parameters: {"utf8"=>"✓", "authenticity_token"=>"deO6hi0o28rddHNgjlqDkTWhirQLfBonrpAt9yFXjrM=", "admin_user"=>{"email"=>"kevin.hoiland@intlgum.com", "password"=>"[FILTERED]", "remember_me"=>"0"}, "commit"=>"Login"}
  [1m[36mAdminUser Load (0.4ms)[0m  [1mSELECT `admin_users`.* FROM `admin_users` WHERE `admin_users`.`email` = 'kevin.hoiland@intlgum.com' LIMIT 1[0m
  [1m[35m (0.3ms)[0m  BEGIN
  [1m[36m (10.6ms)[0m  [1mUPDATE `admin_users` SET `last_sign_in_at` = '2013-05-01 04:56:26', `current_sign_in_at` = '2013-05-06 04:33:22', `sign_in_count` = 13, `updated_at` = '2013-05-06 04:33:22' WHERE `admin_users`.`id` = 1[0m
  [1m[35m (0.5ms)[0m  COMMIT
Redirected to http://localhost:3000/admin
Completed 302 Found in 90ms (ActiveRecord: 0.0ms)


Started GET "/admin" for 127.0.0.1 at 2013-05-05 21:33:22 -0700
Processing by Admin::DashboardController#index as HTML
  [1m[36mAdminUser Load (0.6ms)[0m  [1mSELECT `admin_users`.* FROM `admin_users` WHERE `admin_users`.`id` = 1 LIMIT 1[0m
  [1m[35mUser Load (0.5ms)[0m  SELECT `users`.* FROM `users` ORDER BY created_at desc LIMIT 5
  [1m[36mProfile Load (0.4ms)[0m  [1mSELECT `profiles`.* FROM `profiles` WHERE `profiles`.`user_id` = 4 LIMIT 1[0m
  [1m[35mProfile Load (0.4ms)[0m  SELECT `profiles`.* FROM `profiles` WHERE `profiles`.`user_id` = 3 LIMIT 1
  [1m[36mProfile Load (0.3ms)[0m  [1mSELECT `profiles`.* FROM `profiles` WHERE `profiles`.`user_id` = 1 LIMIT 1[0m
  [1m[35mGumRatingRelationship Load (0.3ms)[0m  SELECT `gum_rating_relationships`.* FROM `gum_rating_relationships` ORDER BY created_at desc LIMIT 5
  [1m[36mBilling Load (29.2ms)[0m  [1mSELECT `billings`.* FROM `billings` ORDER BY created_at desc LIMIT 5[0m
  Rendered /Users/kevinhoiland/.rvm/gems/ruby-1.9.3-p362/gems/activeadmin-0.5.1/app/views/active_admin/dashboard/index.html.arb (249.3ms)
Completed 200 OK in 270ms (Views: 228.2ms | ActiveRecord: 40.0ms)


Started GET "/assets/active_admin.css?body=1" for 127.0.0.1 at 2013-05-05 21:33:22 -0700
Served asset /active_admin.css - 304 Not Modified (1ms)


Started GET "/assets/active_admin.js" for 127.0.0.1 at 2013-05-05 21:33:22 -0700
Served asset /active_admin.js - 304 Not Modified (0ms)


Started GET "/assets/filler_v12.jpg" for 127.0.0.1 at 2013-05-05 21:33:22 -0700
Served asset /filler_v12.jpg - 304 Not Modified (0ms)


Started GET "/assets/active_admin/nested_menu_arrow.gif" for 127.0.0.1 at 2013-05-05 21:33:22 -0700
Served asset /active_admin/nested_menu_arrow.gif - 304 Not Modified (18ms)


Started GET "/assets/active_admin/print.css?body=1" for 127.0.0.1 at 2013-05-05 21:33:22 -0700
Served asset /active_admin/print.css - 304 Not Modified (0ms)


Started GET "/assets/active_admin/nested_menu_arrow_dark.gif" for 127.0.0.1 at 2013-05-05 21:33:23 -0700
Served asset /active_admin/nested_menu_arrow_dark.gif - 304 Not Modified (2ms)


Started GET "/admin/gums" for 127.0.0.1 at 2013-05-05 21:33:31 -0700
Processing by Admin::GumsController#index as HTML
  [1m[35mAdminUser Load (0.5ms)[0m  SELECT `admin_users`.* FROM `admin_users` WHERE `admin_users`.`id` = 1 LIMIT 1
  [1m[36m (0.6ms)[0m  [1mSELECT COUNT(*) FROM `gums` WHERE `gums`.`upc` = '0'[0m
  [1m[35m (0.5ms)[0m  SELECT COUNT(*) FROM `gums` WHERE `gums`.`active` = 0
  [1m[36m (25.8ms)[0m  [1mSELECT COUNT(*) FROM `gums` WHERE `gums`.`image` = 'intl_gum_coming_soon_bubble.png'[0m
  [1m[35m (0.7ms)[0m  SELECT COUNT(*) FROM `gums` WHERE `gums`.`description` = ''
  [1m[36m (0.4ms)[0m  [1mSELECT COUNT(count_column) FROM (SELECT 1 AS count_column FROM `gums` LIMIT 30 OFFSET 0) subquery_for_count [0m
  [1m[35m (0.3ms)[0m  SELECT COUNT(*) FROM `gums` 
  [1m[36mCACHE (0.0ms)[0m  [1mSELECT COUNT(count_column) FROM (SELECT 1 AS count_column FROM `gums` LIMIT 30 OFFSET 0) subquery_for_count [0m
  [1m[35mGum Load (17.4ms)[0m  SELECT `gums`.* FROM `gums` ORDER BY `gums`.`id` desc LIMIT 30 OFFSET 0
  Rendered /Users/kevinhoiland/.rvm/gems/ruby-1.9.3-p362/gems/activeadmin-0.5.1/app/views/active_admin/resource/index.html.arb (900.4ms)
Completed 200 OK in 915ms (Views: 861.1ms | ActiveRecord: 48.9ms)


Started GET "/assets/active_admin.css?body=1" for 127.0.0.1 at 2013-05-05 21:33:32 -0700
Served asset /active_admin.css - 304 Not Modified (1ms)


Started GET "/assets/active_admin.js" for 127.0.0.1 at 2013-05-05 21:33:32 -0700
Served asset /active_admin.js - 304 Not Modified (0ms)


Started GET "/assets/active_admin/orderable.png" for 127.0.0.1 at 2013-05-05 21:33:32 -0700
Served asset /active_admin/orderable.png - 304 Not Modified (81ms)


Started GET "/assets/active_admin/nested_menu_arrow_dark.gif" for 127.0.0.1 at 2013-05-05 21:33:32 -0700
Served asset /active_admin/nested_menu_arrow_dark.gif - 304 Not Modified (0ms)


Started GET "/assets/active_admin/datepicker/datepicker-nipple.png" for 127.0.0.1 at 2013-05-05 21:33:32 -0700
Served asset /active_admin/datepicker/datepicker-nipple.png - 304 Not Modified (14ms)


Started GET "/assets/active_admin/datepicker/datepicker-input-icon.png" for 127.0.0.1 at 2013-05-05 21:33:32 -0700
Served asset /active_admin/datepicker/datepicker-input-icon.png - 304 Not Modified (2ms)


Started GET "/assets/active_admin/print.css?body=1" for 127.0.0.1 at 2013-05-05 21:33:32 -0700
Served asset /active_admin/print.css - 304 Not Modified (0ms)


Started GET "/admin/gums?order=country_desc" for 127.0.0.1 at 2013-05-05 21:34:03 -0700
Processing by Admin::GumsController#index as HTML
  Parameters: {"order"=>"country_desc"}
  [1m[36mAdminUser Load (0.5ms)[0m  [1mSELECT `admin_users`.* FROM `admin_users` WHERE `admin_users`.`id` = 1 LIMIT 1[0m
  [1m[35m (0.7ms)[0m  SELECT COUNT(*) FROM `gums` WHERE `gums`.`upc` = '0'
  [1m[36m (0.5ms)[0m  [1mSELECT COUNT(*) FROM `gums` WHERE `gums`.`active` = 0[0m
  [1m[35m (0.5ms)[0m  SELECT COUNT(*) FROM `gums` WHERE `gums`.`image` = 'intl_gum_coming_soon_bubble.png'
  [1m[36m (0.7ms)[0m  [1mSELECT COUNT(*) FROM `gums` WHERE `gums`.`description` = ''[0m
  [1m[35m (0.3ms)[0m  SELECT COUNT(count_column) FROM (SELECT 1 AS count_column FROM `gums` LIMIT 30 OFFSET 0) subquery_for_count 
  [1m[36m (0.4ms)[0m  [1mSELECT COUNT(*) FROM `gums` [0m
  [1m[35mCACHE (0.0ms)[0m  SELECT COUNT(count_column) FROM (SELECT 1 AS count_column FROM `gums` LIMIT 30 OFFSET 0) subquery_for_count 
  [1m[36mGum Load (62.1ms)[0m  [1mSELECT `gums`.* FROM `gums` ORDER BY `gums`.`country` desc LIMIT 30 OFFSET 0[0m
  Rendered /Users/kevinhoiland/.rvm/gems/ruby-1.9.3-p362/gems/activeadmin-0.5.1/app/views/active_admin/resource/index.html.arb (615.4ms)
Completed 200 OK in 621ms (Views: 552.6ms | ActiveRecord: 65.5ms)


Started GET "/assets/active_admin.css?body=1" for 127.0.0.1 at 2013-05-05 21:34:03 -0700
Served asset /active_admin.css - 304 Not Modified (2ms)


Started GET "/assets/active_admin.js" for 127.0.0.1 at 2013-05-05 21:34:03 -0700
Served asset /active_admin.js - 304 Not Modified (0ms)


Started GET "/assets/active_admin/print.css?body=1" for 127.0.0.1 at 2013-05-05 21:34:03 -0700
Served asset /active_admin/print.css - 304 Not Modified (0ms)


Started GET "/admin/gums?order=country_asc" for 127.0.0.1 at 2013-05-05 21:34:04 -0700
Processing by Admin::GumsController#index as HTML
  Parameters: {"order"=>"country_asc"}
  [1m[35mAdminUser Load (0.5ms)[0m  SELECT `admin_users`.* FROM `admin_users` WHERE `admin_users`.`id` = 1 LIMIT 1
  [1m[36m (0.7ms)[0m  [1mSELECT COUNT(*) FROM `gums` WHERE `gums`.`upc` = '0'[0m
  [1m[35m (0.5ms)[0m  SELECT COUNT(*) FROM `gums` WHERE `gums`.`active` = 0
  [1m[36m (0.5ms)[0m  [1mSELECT COUNT(*) FROM `gums` WHERE `gums`.`image` = 'intl_gum_coming_soon_bubble.png'[0m
  [1m[35m (0.4ms)[0m  SELECT COUNT(*) FROM `gums` WHERE `gums`.`description` = ''
  [1m[36m (0.2ms)[0m  [1mSELECT COUNT(count_column) FROM (SELECT 1 AS count_column FROM `gums` LIMIT 30 OFFSET 0) subquery_for_count [0m
  [1m[35m (0.4ms)[0m  SELECT COUNT(*) FROM `gums` 
  [1m[36mCACHE (0.0ms)[0m  [1mSELECT COUNT(count_column) FROM (SELECT 1 AS count_column FROM `gums` LIMIT 30 OFFSET 0) subquery_for_count [0m
  [1m[35mGum Load (37.0ms)[0m  SELECT `gums`.* FROM `gums` ORDER BY `gums`.`country` asc LIMIT 30 OFFSET 0
  Rendered /Users/kevinhoiland/.rvm/gems/ruby-1.9.3-p362/gems/activeadmin-0.5.1/app/views/active_admin/resource/index.html.arb (652.0ms)
Completed 200 OK in 657ms (Views: 614.5ms | ActiveRecord: 40.3ms)


Started GET "/assets/active_admin.css?body=1" for 127.0.0.1 at 2013-05-05 21:34:05 -0700
Served asset /active_admin.css - 304 Not Modified (1ms)


Started GET "/assets/active_admin.js" for 127.0.0.1 at 2013-05-05 21:34:05 -0700
Served asset /active_admin.js - 304 Not Modified (0ms)


Started GET "/assets/active_admin/print.css?body=1" for 127.0.0.1 at 2013-05-05 21:34:05 -0700
Served asset /active_admin/print.css - 304 Not Modified (0ms)


Started GET "/admin/gums?order=upc_desc" for 127.0.0.1 at 2013-05-05 21:34:20 -0700
Processing by Admin::GumsController#index as HTML
  Parameters: {"order"=>"upc_desc"}
  [1m[36mAdminUser Load (0.4ms)[0m  [1mSELECT `admin_users`.* FROM `admin_users` WHERE `admin_users`.`id` = 1 LIMIT 1[0m
  [1m[35m (0.7ms)[0m  SELECT COUNT(*) FROM `gums` WHERE `gums`.`upc` = '0'
  [1m[36m (0.5ms)[0m  [1mSELECT COUNT(*) FROM `gums` WHERE `gums`.`active` = 0[0m
  [1m[35m (0.5ms)[0m  SELECT COUNT(*) FROM `gums` WHERE `gums`.`image` = 'intl_gum_coming_soon_bubble.png'
  [1m[36m (0.6ms)[0m  [1mSELECT COUNT(*) FROM `gums` WHERE `gums`.`description` = ''[0m
  [1m[35m (0.2ms)[0m  SELECT COUNT(count_column) FROM (SELECT 1 AS count_column FROM `gums` LIMIT 30 OFFSET 0) subquery_for_count 
  [1m[36m (0.5ms)[0m  [1mSELECT COUNT(*) FROM `gums` [0m
  [1m[35mCACHE (0.0ms)[0m  SELECT COUNT(count_column) FROM (SELECT 1 AS count_column FROM `gums` LIMIT 30 OFFSET 0) subquery_for_count 
  [1m[36mGum Load (22.3ms)[0m  [1mSELECT `gums`.* FROM `gums` ORDER BY `gums`.`upc` desc LIMIT 30 OFFSET 0[0m
  Rendered /Users/kevinhoiland/.rvm/gems/ruby-1.9.3-p362/gems/activeadmin-0.5.1/app/views/active_admin/resource/index.html.arb (576.3ms)
Completed 200 OK in 582ms (Views: 553.7ms | ActiveRecord: 25.6ms)


Started GET "/assets/active_admin.css?body=1" for 127.0.0.1 at 2013-05-05 21:34:20 -0700
Served asset /active_admin.css - 304 Not Modified (1ms)


Started GET "/assets/active_admin.js" for 127.0.0.1 at 2013-05-05 21:34:20 -0700
Served asset /active_admin.js - 304 Not Modified (0ms)


Started GET "/assets/active_admin/print.css?body=1" for 127.0.0.1 at 2013-05-05 21:34:20 -0700
Served asset /active_admin/print.css - 304 Not Modified (0ms)


Started GET "/admin/gums?order=upc_asc" for 127.0.0.1 at 2013-05-05 21:34:22 -0700
Processing by Admin::GumsController#index as HTML
  Parameters: {"order"=>"upc_asc"}
  [1m[35mAdminUser Load (0.5ms)[0m  SELECT `admin_users`.* FROM `admin_users` WHERE `admin_users`.`id` = 1 LIMIT 1
  [1m[36m (0.7ms)[0m  [1mSELECT COUNT(*) FROM `gums` WHERE `gums`.`upc` = '0'[0m
  [1m[35m (0.5ms)[0m  SELECT COUNT(*) FROM `gums` WHERE `gums`.`active` = 0
  [1m[36m (0.5ms)[0m  [1mSELECT COUNT(*) FROM `gums` WHERE `gums`.`image` = 'intl_gum_coming_soon_bubble.png'[0m
  [1m[35m (0.6ms)[0m  SELECT COUNT(*) FROM `gums` WHERE `gums`.`description` = ''
  [1m[36m (16.4ms)[0m  [1mSELECT COUNT(count_column) FROM (SELECT 1 AS count_column FROM `gums` LIMIT 30 OFFSET 0) subquery_for_count [0m
  [1m[35m (0.4ms)[0m  SELECT COUNT(*) FROM `gums` 
  [1m[36mCACHE (0.0ms)[0m  [1mSELECT COUNT(count_column) FROM (SELECT 1 AS count_column FROM `gums` LIMIT 30 OFFSET 0) subquery_for_count [0m
  [1m[35mGum Load (3.4ms)[0m  SELECT `gums`.* FROM `gums` ORDER BY `gums`.`upc` asc LIMIT 30 OFFSET 0
  Rendered /Users/kevinhoiland/.rvm/gems/ruby-1.9.3-p362/gems/activeadmin-0.5.1/app/views/active_admin/resource/index.html.arb (626.7ms)
Completed 200 OK in 632ms (Views: 606.7ms | ActiveRecord: 22.9ms)


Started GET "/assets/active_admin.css?body=1" for 127.0.0.1 at 2013-05-05 21:34:22 -0700
Served asset /active_admin.css - 304 Not Modified (2ms)


Started GET "/assets/active_admin.js" for 127.0.0.1 at 2013-05-05 21:34:22 -0700
Served asset /active_admin.js - 304 Not Modified (0ms)


Started GET "/assets/active_admin/print.css?body=1" for 127.0.0.1 at 2013-05-05 21:34:22 -0700
Served asset /active_admin/print.css - 304 Not Modified (0ms)


Started GET "/admin/gums?order=upc_asc&page=1&scope=empty_upc" for 127.0.0.1 at 2013-05-05 21:34:29 -0700
Processing by Admin::GumsController#index as HTML
  Parameters: {"order"=>"upc_asc", "page"=>"1", "scope"=>"empty_upc"}
  [1m[36mAdminUser Load (0.5ms)[0m  [1mSELECT `admin_users`.* FROM `admin_users` WHERE `admin_users`.`id` = 1 LIMIT 1[0m
  [1m[35m (0.7ms)[0m  SELECT COUNT(*) FROM `gums` WHERE `gums`.`upc` = '0'
  [1m[36m (0.5ms)[0m  [1mSELECT COUNT(*) FROM `gums` WHERE `gums`.`active` = 0[0m
  [1m[35m (0.6ms)[0m  SELECT COUNT(*) FROM `gums` WHERE `gums`.`image` = 'intl_gum_coming_soon_bubble.png'
  [1m[36m (0.6ms)[0m  [1mSELECT COUNT(*) FROM `gums` WHERE `gums`.`description` = ''[0m
  [1m[35m (0.5ms)[0m  SELECT COUNT(count_column) FROM (SELECT 1 AS count_column FROM `gums` WHERE `gums`.`upc` = '0' LIMIT 30 OFFSET 0) subquery_for_count 
  [1m[36mCACHE (0.0ms)[0m  [1mSELECT COUNT(*) FROM `gums` WHERE `gums`.`upc` = '0'[0m
  [1m[35mCACHE (0.0ms)[0m  SELECT COUNT(count_column) FROM (SELECT 1 AS count_column FROM `gums` WHERE `gums`.`upc` = '0' LIMIT 30 OFFSET 0) subquery_for_count 
  [1m[36mGum Load (0.9ms)[0m  [1mSELECT `gums`.* FROM `gums` WHERE `gums`.`upc` = '0' ORDER BY `gums`.`upc` asc LIMIT 30 OFFSET 0[0m
  Rendered /Users/kevinhoiland/.rvm/gems/ruby-1.9.3-p362/gems/activeadmin-0.5.1/app/views/active_admin/resource/index.html.arb (553.5ms)
Completed 200 OK in 559ms (Views: 552.0ms | ActiveRecord: 4.4ms)


Started GET "/assets/active_admin.css?body=1" for 127.0.0.1 at 2013-05-05 21:34:30 -0700
Served asset /active_admin.css - 304 Not Modified (1ms)


Started GET "/assets/active_admin.js" for 127.0.0.1 at 2013-05-05 21:34:30 -0700
Served asset /active_admin.js - 304 Not Modified (0ms)


Started GET "/assets/active_admin/print.css?body=1" for 127.0.0.1 at 2013-05-05 21:34:30 -0700
Served asset /active_admin/print.css - 304 Not Modified (0ms)


Started GET "/admin/gums?order=upc_asc&page=1&scope=empty_upc" for 127.0.0.1 at 2013-05-05 21:37:05 -0700

SyntaxError (/Users/kevinhoiland/Sites/ig/app/models/gum.rb:31: syntax error, unexpected tCONSTANT, expecting '}'
  scope :empty_upc, :conditions => { :upc => "0" OR :upc => nil }
                                                   ^):
  app/admin/gums.rb:1:in `<top (required)>'
  config/routes.rb:3:in `block in <top (required)>'
  config/routes.rb:1:in `<top (required)>'


  Rendered /Users/kevinhoiland/.rvm/gems/ruby-1.9.3-p362/gems/actionpack-3.2.13/lib/action_dispatch/middleware/templates/rescues/_trace.erb (1.3ms)
  Rendered /Users/kevinhoiland/.rvm/gems/ruby-1.9.3-p362/gems/actionpack-3.2.13/lib/action_dispatch/middleware/templates/rescues/_request_and_response.erb (1.1ms)
  Rendered /Users/kevinhoiland/.rvm/gems/ruby-1.9.3-p362/gems/actionpack-3.2.13/lib/action_dispatch/middleware/templates/rescues/diagnostics.erb within rescues/layout (22.9ms)


Started GET "/admin/gums?order=upc_asc&page=1&scope=empty_upc" for 127.0.0.1 at 2013-05-05 21:38:57 -0700

SyntaxError (/Users/kevinhoiland/Sites/ig/app/models/gum.rb:31: syntax error, unexpected tCONSTANT, expecting ']'
  scope :empty_upc, :conditions => [ :upc => "0" OR :upc => nil ]
                                                   ^):
  app/admin/gums.rb:1:in `<top (required)>'
  config/routes.rb:3:in `block in <top (required)>'
  config/routes.rb:1:in `<top (required)>'


  Rendered /Users/kevinhoiland/.rvm/gems/ruby-1.9.3-p362/gems/actionpack-3.2.13/lib/action_dispatch/middleware/templates/rescues/_trace.erb (1.1ms)
  Rendered /Users/kevinhoiland/.rvm/gems/ruby-1.9.3-p362/gems/actionpack-3.2.13/lib/action_dispatch/middleware/templates/rescues/_request_and_response.erb (1.0ms)
  Rendered /Users/kevinhoiland/.rvm/gems/ruby-1.9.3-p362/gems/actionpack-3.2.13/lib/action_dispatch/middleware/templates/rescues/diagnostics.erb within rescues/layout (8.9ms)


Started GET "/admin/gums?order=upc_asc&page=1&scope=empty_upc" for 127.0.0.1 at 2013-05-05 21:39:50 -0700
Processing by Admin::GumsController#index as HTML
  Parameters: {"order"=>"upc_asc", "page"=>"1", "scope"=>"empty_upc"}
  [1m[35mAdminUser Load (0.4ms)[0m  SELECT `admin_users`.* FROM `admin_users` WHERE `admin_users`.`id` = 1 LIMIT 1
  [1m[36m (0.7ms)[0m  [1mSELECT COUNT(*) FROM `gums` WHERE (upc = 0 OR upc = nil)[0m
Mysql2::Error: Unknown column 'nil' in 'where clause': SELECT COUNT(*) FROM `gums`  WHERE (upc = 0 OR upc = nil)
  Rendered /Users/kevinhoiland/.rvm/gems/ruby-1.9.3-p362/gems/activeadmin-0.5.1/app/views/active_admin/resource/index.html.arb (160.0ms)
Completed 500 Internal Server Error in 273ms

ActionView::Template::Error (Mysql2::Error: Unknown column 'nil' in 'where clause': SELECT COUNT(*) FROM `gums`  WHERE (upc = 0 OR upc = nil)):
    1: insert_tag renderer_for(:index)
  activerecord (3.2.13) lib/active_record/connection_adapters/abstract_mysql_adapter.rb:245:in `query'
  activerecord (3.2.13) lib/active_record/connection_adapters/abstract_mysql_adapter.rb:245:in `block in execute'
  activerecord (3.2.13) lib/active_record/connection_adapters/abstract_adapter.rb:280:in `block in log'
  activesupport (3.2.13) lib/active_support/notifications/instrumenter.rb:20:in `instrument'
  activerecord (3.2.13) lib/active_record/connection_adapters/abstract_adapter.rb:275:in `log'
  activerecord (3.2.13) lib/active_record/connection_adapters/abstract_mysql_adapter.rb:245:in `execute'
  activerecord (3.2.13) lib/active_record/connection_adapters/mysql2_adapter.rb:211:in `execute'
  activerecord (3.2.13) lib/active_record/connection_adapters/mysql2_adapter.rb:215:in `exec_query'
  activerecord (3.2.13) lib/active_record/connection_adapters/mysql2_adapter.rb:224:in `select'
  activerecord (3.2.13) lib/active_record/connection_adapters/abstract/database_statements.rb:18:in `select_all'
  activerecord (3.2.13) lib/active_record/connection_adapters/abstract/query_cache.rb:61:in `block in select_all'
  activerecord (3.2.13) lib/active_record/connection_adapters/abstract/query_cache.rb:75:in `cache_sql'
  activerecord (3.2.13) lib/active_record/connection_adapters/abstract/query_cache.rb:61:in `select_all'
  activerecord (3.2.13) lib/active_record/connection_adapters/abstract/database_statements.rb:24:in `select_one'
  activerecord (3.2.13) lib/active_record/connection_adapters/abstract/database_statements.rb:30:in `select_value'
  activerecord (3.2.13) lib/active_record/relation/calculations.rb:251:in `execute_simple_calculation'
  activerecord (3.2.13) lib/active_record/relation/calculations.rb:216:in `perform_calculation'
  activerecord (3.2.13) lib/active_record/relation/calculations.rb:159:in `calculate'
  activerecord (3.2.13) lib/active_record/relation/calculations.rb:58:in `count'
  activeadmin (0.5.1) lib/active_admin/helpers/collection.rb:11:in `collection_size'
  activeadmin (0.5.1) lib/active_admin/views/components/scopes.rb:66:in `get_scope_count'
  activeadmin (0.5.1) lib/active_admin/views/components/scopes.rb:40:in `block (3 levels) in build_scope'
  arbre (1.0.1) lib/arbre/element/builder_methods.rb:31:in `block in build_tag'
  arbre (1.0.1) lib/arbre/context.rb:92:in `with_current_arbre_element'
  arbre (1.0.1) lib/arbre/element/builder_methods.rb:49:in `with_current_arbre_element'
  arbre (1.0.1) lib/arbre/element/builder_methods.rb:26:in `build_tag'
  arbre (1.0.1) lib/arbre/element/builder_methods.rb:39:in `insert_tag'
  arbre (1.0.1) lib/arbre/element/builder_methods.rb:18:in `span'
  activeadmin (0.5.1) lib/active_admin/views/components/scopes.rb:39:in `block (2 levels) in build_scope'
  arbre (1.0.1) lib/arbre/element/builder_methods.rb:31:in `block in build_tag'
  arbre (1.0.1) lib/arbre/context.rb:92:in `with_current_arbre_element'
  arbre (1.0.1) lib/arbre/element/builder_methods.rb:49:in `with_current_arbre_element'
  arbre (1.0.1) lib/arbre/element/builder_methods.rb:26:in `build_tag'
  arbre (1.0.1) lib/arbre/element/builder_methods.rb:39:in `insert_tag'
  arbre (1.0.1) lib/arbre/element/builder_methods.rb:18:in `a'
  activeadmin (0.5.1) lib/active_admin/views/components/scopes.rb:37:in `block in build_scope'
  arbre (1.0.1) lib/arbre/element/builder_methods.rb:31:in `block in build_tag'
  arbre (1.0.1) lib/arbre/context.rb:92:in `with_current_arbre_element'
  arbre (1.0.1) lib/arbre/element/builder_methods.rb:49:in `with_current_arbre_element'
  arbre (1.0.1) lib/arbre/element/builder_methods.rb:26:in `build_tag'
  arbre (1.0.1) lib/arbre/element/builder_methods.rb:39:in `insert_tag'
  arbre (1.0.1) lib/arbre/element/builder_methods.rb:18:in `li'
  activeadmin (0.5.1) lib/active_admin/views/components/scopes.rb:34:in `build_scope'
  activeadmin (0.5.1) lib/active_admin/views/components/scopes.rb:26:in `block in build'
  activeadmin (0.5.1) lib/active_admin/views/components/scopes.rb:25:in `each'
  activeadmin (0.5.1) lib/active_admin/views/components/scopes.rb:25:in `build'
  arbre (1.0.1) lib/arbre/element/builder_methods.rb:30:in `block in build_tag'
  arbre (1.0.1) lib/arbre/context.rb:92:in `with_current_arbre_element'
  arbre (1.0.1) lib/arbre/element/builder_methods.rb:49:in `with_current_arbre_element'
  arbre (1.0.1) lib/arbre/element/builder_methods.rb:26:in `build_tag'
  arbre (1.0.1) lib/arbre/element/builder_methods.rb:39:in `insert_tag'
  arbre (1.0.1) lib/arbre/element/builder_methods.rb:18:in `scopes_renderer'
  activeadmin (0.5.1) lib/active_admin/views/pages/index.rb:79:in `build_scopes'
  activeadmin (0.5.1) lib/active_admin/views/pages/index.rb:63:in `block in build_table_tools'
  arbre (1.0.1) lib/arbre/element/builder_methods.rb:31:in `block in build_tag'
  arbre (1.0.1) lib/arbre/context.rb:92:in `with_current_arbre_element'
  arbre (1.0.1) lib/arbre/element/builder_methods.rb:49:in `with_current_arbre_element'
  arbre (1.0.1) lib/arbre/element/builder_methods.rb:26:in `build_tag'
  arbre (1.0.1) lib/arbre/element/builder_methods.rb:39:in `insert_tag'
  arbre (1.0.1) lib/arbre/element/builder_methods.rb:18:in `div'
  activeadmin (0.5.1) lib/active_admin/views/pages/index.rb:61:in `build_table_tools'
  activeadmin (0.5.1) lib/active_admin/views/pages/index.rb:25:in `block in main_content'
  activeadmin (0.5.1) lib/active_admin/views/pages/index.rb:36:in `call'
  activeadmin (0.5.1) lib/active_admin/views/pages/index.rb:36:in `wrap_with_batch_action_form'
  activeadmin (0.5.1) lib/active_admin/views/pages/index.rb:24:in `main_content'
  activeadmin (0.5.1) lib/active_admin/views/pages/base.rb:78:in `block (2 levels) in build_main_content_wrapper'
  arbre (1.0.1) lib/arbre/element/builder_methods.rb:31:in `block in build_tag'
  arbre (1.0.1) lib/arbre/context.rb:92:in `with_current_arbre_element'
  arbre (1.0.1) lib/arbre/element/builder_methods.rb:49:in `with_current_arbre_element'
  arbre (1.0.1) lib/arbre/element/builder_methods.rb:26:in `build_tag'
  arbre (1.0.1) lib/arbre/element/builder_methods.rb:39:in `insert_tag'
  arbre (1.0.1) lib/arbre/element/builder_methods.rb:18:in `div'
  activeadmin (0.5.1) lib/active_admin/views/pages/base.rb:77:in `block in build_main_content_wrapper'
  arbre (1.0.1) lib/arbre/element/builder_methods.rb:31:in `block in build_tag'
  arbre (1.0.1) lib/arbre/context.rb:92:in `with_current_arbre_element'
  arbre (1.0.1) lib/arbre/element/builder_methods.rb:49:in `with_current_arbre_element'
  arbre (1.0.1) lib/arbre/element/builder_methods.rb:26:in `build_tag'
  arbre (1.0.1) lib/arbre/element/builder_methods.rb:39:in `insert_tag'
  arbre (1.0.1) lib/arbre/element/builder_methods.rb:18:in `div'
  activeadmin (0.5.1) lib/active_admin/views/pages/base.rb:76:in `build_main_content_wrapper'
  activeadmin (0.5.1) lib/active_admin/views/pages/base.rb:60:in `block in build_page_content'
  arbre (1.0.1) lib/arbre/element/builder_methods.rb:31:in `block in build_tag'
  arbre (1.0.1) lib/arbre/context.rb:92:in `with_current_arbre_element'
  arbre (1.0.1) lib/arbre/element/builder_methods.rb:49:in `with_current_arbre_element'
  arbre (1.0.1) lib/arbre/element/builder_methods.rb:26:in `build_tag'
  arbre (1.0.1) lib/arbre/element/builder_methods.rb:39:in `insert_tag'
  arbre (1.0.1) lib/arbre/element/builder_methods.rb:18:in `div'
  activeadmin (0.5.1) lib/active_admin/views/pages/base.rb:59:in `build_page_content'
  activeadmin (0.5.1) lib/active_admin/views/pages/base.rb:42:in `block (2 levels) in build_page'
  arbre (1.0.1) lib/arbre/element/builder_methods.rb:31:in `block in build_tag'
  arbre (1.0.1) lib/arbre/context.rb:92:in `with_current_arbre_element'
  arbre (1.0.1) lib/arbre/element/builder_methods.rb:49:in `with_current_arbre_element'
  arbre (1.0.1) lib/arbre/element/builder_methods.rb:26:in `build_tag'
  arbre (1.0.1) lib/arbre/element/builder_methods.rb:39:in `insert_tag'
  arbre (1.0.1) lib/arbre/element/builder_methods.rb:18:in `div'
  activeadmin (0.5.1) lib/active_admin/views/pages/base.rb:39:in `block in build_page'
  arbre (1.0.1) lib/arbre/context.rb:92:in `with_current_arbre_element'
  arbre (1.0.1) lib/arbre/element/builder_methods.rb:49:in `with_current_arbre_element'
  activeadmin (0.5.1) lib/active_admin/views/pages/base.rb:38:in `build_page'
  activeadmin (0.5.1) lib/active_admin/views/pages/base.rb:10:in `build'
  arbre (1.0.1) lib/arbre/element/builder_methods.rb:30:in `block in build_tag'
  arbre (1.0.1) lib/arbre/context.rb:92:in `with_current_arbre_element'
  arbre (1.0.1) lib/arbre/element/builder_methods.rb:26:in `build_tag'
  arbre (1.0.1) lib/arbre/element/builder_methods.rb:39:in `insert_tag'
  activeadmin (0.5.1) app/views/active_admin/resource/index.html.arb:1:in `block in ___sers_kevinhoiland__rvm_gems_ruby_______p____gems_activeadmin_______app_views_active_admin_resource_index_html_arb___3059633606673224997_70170100559360'
  arbre (1.0.1) lib/arbre/context.rb:45:in `instance_eval'
  arbre (1.0.1) lib/arbre/context.rb:45:in `initialize'
  activeadmin (0.5.1) app/views/active_admin/resource/index.html.arb:1:in `new'
  activeadmin (0.5.1) app/views/active_admin/resource/index.html.arb:1:in `___sers_kevinhoiland__rvm_gems_ruby_______p____gems_activeadmin_______app_views_active_admin_resource_index_html_arb___3059633606673224997_70170100559360'
  actionpack (3.2.13) lib/action_view/template.rb:145:in `block in render'
  activesupport (3.2.13) lib/active_support/notifications.rb:125:in `instrument'
  actionpack (3.2.13) lib/action_view/template.rb:143:in `render'
  actionpack (3.2.13) lib/action_view/renderer/template_renderer.rb:47:in `block (2 levels) in render_template'
  actionpack (3.2.13) lib/action_view/renderer/abstract_renderer.rb:38:in `block in instrument'
  activesupport (3.2.13) lib/active_support/notifications.rb:123:in `block in instrument'
  activesupport (3.2.13) lib/active_support/notifications/instrumenter.rb:20:in `instrument'
  activesupport (3.2.13) lib/active_support/notifications.rb:123:in `instrument'
  actionpack (3.2.13) lib/action_view/renderer/abstract_renderer.rb:38:in `instrument'
  actionpack (3.2.13) lib/action_view/renderer/template_renderer.rb:46:in `block in render_template'
  actionpack (3.2.13) lib/action_view/renderer/template_renderer.rb:54:in `render_with_layout'
  actionpack (3.2.13) lib/action_view/renderer/template_renderer.rb:45:in `render_template'
  actionpack (3.2.13) lib/action_view/renderer/template_renderer.rb:18:in `render'
  actionpack (3.2.13) lib/action_view/renderer/renderer.rb:36:in `render_template'
  actionpack (3.2.13) lib/action_view/renderer/renderer.rb:17:in `render'
  actionpack (3.2.13) lib/abstract_controller/rendering.rb:110:in `_render_template'
  actionpack (3.2.13) lib/action_controller/metal/streaming.rb:225:in `_render_template'
  actionpack (3.2.13) lib/abstract_controller/rendering.rb:103:in `render_to_body'
  actionpack (3.2.13) lib/action_controller/metal/renderers.rb:28:in `render_to_body'
  actionpack (3.2.13) lib/action_controller/metal/compatibility.rb:50:in `render_to_body'
  actionpack (3.2.13) lib/abstract_controller/rendering.rb:88:in `render'
  actionpack (3.2.13) lib/action_controller/metal/rendering.rb:16:in `render'
  actionpack (3.2.13) lib/action_controller/metal/instrumentation.rb:40:in `block (2 levels) in render'
  activesupport (3.2.13) lib/active_support/core_ext/benchmark.rb:5:in `block in ms'
  /Users/kevinhoiland/.rvm/rubies/ruby-1.9.3-p362/lib/ruby/1.9.1/benchmark.rb:295:in `realtime'
  activesupport (3.2.13) lib/active_support/core_ext/benchmark.rb:5:in `ms'
  actionpack (3.2.13) lib/action_controller/metal/instrumentation.rb:40:in `block in render'
  actionpack (3.2.13) lib/action_controller/metal/instrumentation.rb:83:in `cleanup_view_runtime'
  activerecord (3.2.13) lib/active_record/railties/controller_runtime.rb:24:in `cleanup_view_runtime'
  actionpack (3.2.13) lib/action_controller/metal/instrumentation.rb:39:in `render'
  activeadmin (0.5.1) lib/active_admin/resource_controller/actions.rb:13:in `block (2 levels) in index'
  actionpack (3.2.13) lib/action_controller/metal/responder.rb:230:in `call'
  actionpack (3.2.13) lib/action_controller/metal/responder.rb:230:in `default_render'
  actionpack (3.2.13) lib/action_controller/metal/responder.rb:160:in `to_html'
  responders (0.9.3) lib/responders/flash_responder.rb:104:in `to_html'
  actionpack (3.2.13) lib/action_controller/metal/responder.rb:153:in `respond'
  actionpack (3.2.13) lib/action_controller/metal/responder.rb:146:in `call'
  actionpack (3.2.13) lib/action_controller/metal/mime_responds.rb:239:in `respond_with'
  inherited_resources (1.4.0) lib/inherited_resources/actions.rb:7:in `index'
  activeadmin (0.5.1) lib/active_admin/resource_controller/actions.rb:11:in `index'
  actionpack (3.2.13) lib/action_controller/metal/implicit_render.rb:4:in `send_action'
  actionpack (3.2.13) lib/abstract_controller/base.rb:167:in `process_action'
  actionpack (3.2.13) lib/action_controller/metal/rendering.rb:10:in `process_action'
  actionpack (3.2.13) lib/abstract_controller/callbacks.rb:18:in `block in process_action'
  activesupport (3.2.13) lib/active_support/callbacks.rb:480:in `_run__3557879200260955571__process_action__3322751179927695229__callbacks'
  activesupport (3.2.13) lib/active_support/callbacks.rb:405:in `__run_callback'
  activesupport (3.2.13) lib/active_support/callbacks.rb:385:in `_run_process_action_callbacks'
  activesupport (3.2.13) lib/active_support/callbacks.rb:81:in `run_callbacks'
  actionpack (3.2.13) lib/abstract_controller/callbacks.rb:17:in `process_action'
  actionpack (3.2.13) lib/action_controller/metal/rescue.rb:29:in `process_action'
  actionpack (3.2.13) lib/action_controller/metal/instrumentation.rb:30:in `block in process_action'
  activesupport (3.2.13) lib/active_support/notifications.rb:123:in `block in instrument'
  activesupport (3.2.13) lib/active_support/notifications/instrumenter.rb:20:in `instrument'
  activesupport (3.2.13) lib/active_support/notifications.rb:123:in `instrument'
  actionpack (3.2.13) lib/action_controller/metal/instrumentation.rb:29:in `process_action'
  actionpack (3.2.13) lib/action_controller/metal/params_wrapper.rb:207:in `process_action'
  activerecord (3.2.13) lib/active_record/railties/controller_runtime.rb:18:in `process_action'
  actionpack (3.2.13) lib/abstract_controller/base.rb:121:in `process'
  actionpack (3.2.13) lib/abstract_controller/rendering.rb:45:in `process'
  actionpack (3.2.13) lib/action_controller/metal.rb:203:in `dispatch'
  actionpack (3.2.13) lib/action_controller/metal/rack_delegation.rb:14:in `dispatch'
  actionpack (3.2.13) lib/action_controller/metal.rb:246:in `block in action'
  actionpack (3.2.13) lib/action_dispatch/routing/route_set.rb:73:in `call'
  actionpack (3.2.13) lib/action_dispatch/routing/route_set.rb:73:in `dispatch'
  actionpack (3.2.13) lib/action_dispatch/routing/route_set.rb:36:in `call'
  journey (1.0.4) lib/journey/router.rb:68:in `block in call'
  journey (1.0.4) lib/journey/router.rb:56:in `each'
  journey (1.0.4) lib/journey/router.rb:56:in `call'
  actionpack (3.2.13) lib/action_dispatch/routing/route_set.rb:612:in `call'
  warden (1.2.1) lib/warden/manager.rb:35:in `block in call'
  warden (1.2.1) lib/warden/manager.rb:34:in `catch'
  warden (1.2.1) lib/warden/manager.rb:34:in `call'
  actionpack (3.2.13) lib/action_dispatch/middleware/best_standards_support.rb:17:in `call'
  rack (1.4.5) lib/rack/etag.rb:23:in `call'
  rack (1.4.5) lib/rack/conditionalget.rb:25:in `call'
  actionpack (3.2.13) lib/action_dispatch/middleware/head.rb:14:in `call'
  actionpack (3.2.13) lib/action_dispatch/middleware/params_parser.rb:21:in `call'
  actionpack (3.2.13) lib/action_dispatch/middleware/flash.rb:242:in `call'
  rack (1.4.5) lib/rack/session/abstract/id.rb:210:in `context'
  rack (1.4.5) lib/rack/session/abstract/id.rb:205:in `call'
  actionpack (3.2.13) lib/action_dispatch/middleware/cookies.rb:341:in `call'
  activerecord (3.2.13) lib/active_record/query_cache.rb:64:in `call'
  activerecord (3.2.13) lib/active_record/connection_adapters/abstract/connection_pool.rb:479:in `call'
  actionpack (3.2.13) lib/action_dispatch/middleware/callbacks.rb:28:in `block in call'
  activesupport (3.2.13) lib/active_support/callbacks.rb:405:in `_run__2274588197723490996__call__2557335904374004316__callbacks'
  activesupport (3.2.13) lib/active_support/callbacks.rb:405:in `__run_callback'
  activesupport (3.2.13) lib/active_support/callbacks.rb:385:in `_run_call_callbacks'
  activesupport (3.2.13) lib/active_support/callbacks.rb:81:in `run_callbacks'
  actionpack (3.2.13) lib/action_dispatch/middleware/callbacks.rb:27:in `call'
  actionpack (3.2.13) lib/action_dispatch/middleware/reloader.rb:65:in `call'
  actionpack (3.2.13) lib/action_dispatch/middleware/remote_ip.rb:31:in `call'
  actionpack (3.2.13) lib/action_dispatch/middleware/debug_exceptions.rb:16:in `call'
  actionpack (3.2.13) lib/action_dispatch/middleware/show_exceptions.rb:56:in `call'
  railties (3.2.13) lib/rails/rack/logger.rb:32:in `call_app'
  railties (3.2.13) lib/rails/rack/logger.rb:16:in `block in call'
  activesupport (3.2.13) lib/active_support/tagged_logging.rb:22:in `tagged'
  railties (3.2.13) lib/rails/rack/logger.rb:16:in `call'
  actionpack (3.2.13) lib/action_dispatch/middleware/request_id.rb:22:in `call'
  rack (1.4.5) lib/rack/methodoverride.rb:21:in `call'
  rack (1.4.5) lib/rack/runtime.rb:17:in `call'
  activesupport (3.2.13) lib/active_support/cache/strategy/local_cache.rb:72:in `call'
  rack (1.4.5) lib/rack/lock.rb:15:in `call'
  actionpack (3.2.13) lib/action_dispatch/middleware/static.rb:63:in `call'
  railties (3.2.13) lib/rails/engine.rb:479:in `call'
  railties (3.2.13) lib/rails/application.rb:223:in `call'
  rack (1.4.5) lib/rack/content_length.rb:14:in `call'
  railties (3.2.13) lib/rails/rack/log_tailer.rb:17:in `call'
  rack (1.4.5) lib/rack/handler/webrick.rb:59:in `service'
  /Users/kevinhoiland/.rvm/rubies/ruby-1.9.3-p362/lib/ruby/1.9.1/webrick/httpserver.rb:138:in `service'
  /Users/kevinhoiland/.rvm/rubies/ruby-1.9.3-p362/lib/ruby/1.9.1/webrick/httpserver.rb:94:in `run'
  /Users/kevinhoiland/.rvm/rubies/ruby-1.9.3-p362/lib/ruby/1.9.1/webrick/server.rb:191:in `block in start_thread'


  Rendered /Users/kevinhoiland/.rvm/gems/ruby-1.9.3-p362/gems/actionpack-3.2.13/lib/action_dispatch/middleware/templates/rescues/_trace.erb (1.5ms)
  Rendered /Users/kevinhoiland/.rvm/gems/ruby-1.9.3-p362/gems/actionpack-3.2.13/lib/action_dispatch/middleware/templates/rescues/_request_and_response.erb (1.2ms)
  Rendered /Users/kevinhoiland/.rvm/gems/ruby-1.9.3-p362/gems/actionpack-3.2.13/lib/action_dispatch/middleware/templates/rescues/template_error.erb within rescues/layout (9.7ms)


Started GET "/admin/gums?order=upc_asc&page=1&scope=empty_upc" for 127.0.0.1 at 2013-05-05 21:40:02 -0700
Processing by Admin::GumsController#index as HTML
  Parameters: {"order"=>"upc_asc", "page"=>"1", "scope"=>"empty_upc"}
  [1m[35mAdminUser Load (0.4ms)[0m  SELECT `admin_users`.* FROM `admin_users` WHERE `admin_users`.`id` = 1 LIMIT 1
  [1m[36m (24.4ms)[0m  [1mSELECT COUNT(*) FROM `gums` WHERE (upc = 0 OR upc = null)[0m
  [1m[35m (0.5ms)[0m  SELECT COUNT(*) FROM `gums` WHERE `gums`.`active` = 0
  [1m[36m (0.5ms)[0m  [1mSELECT COUNT(*) FROM `gums` WHERE `gums`.`image` = 'intl_gum_coming_soon_bubble.png'[0m
  [1m[35m (0.6ms)[0m  SELECT COUNT(*) FROM `gums` WHERE `gums`.`description` = ''
  [1m[36m (0.6ms)[0m  [1mSELECT COUNT(count_column) FROM (SELECT 1 AS count_column FROM `gums` WHERE (upc = 0 OR upc = null) LIMIT 30 OFFSET 0) subquery_for_count [0m
  [1m[35mCACHE (0.0ms)[0m  SELECT COUNT(*) FROM `gums` WHERE (upc = 0 OR upc = null)
  [1m[36mCACHE (0.0ms)[0m  [1mSELECT COUNT(count_column) FROM (SELECT 1 AS count_column FROM `gums` WHERE (upc = 0 OR upc = null) LIMIT 30 OFFSET 0) subquery_for_count [0m
  [1m[35mGum Load (1.3ms)[0m  SELECT `gums`.* FROM `gums` WHERE (upc = 0 OR upc = null) ORDER BY `gums`.`upc` asc LIMIT 30 OFFSET 0
  Rendered /Users/kevinhoiland/.rvm/gems/ruby-1.9.3-p362/gems/activeadmin-0.5.1/app/views/active_admin/resource/index.html.arb (710.0ms)
Completed 200 OK in 756ms (Views: 681.9ms | ActiveRecord: 33.7ms)


Started GET "/assets/active_admin.css?body=1" for 127.0.0.1 at 2013-05-05 21:40:04 -0700
Served asset /active_admin.css - 304 Not Modified (1ms)


Started GET "/assets/active_admin.js" for 127.0.0.1 at 2013-05-05 21:40:04 -0700
Served asset /active_admin.js - 304 Not Modified (0ms)


Started GET "/assets/active_admin/print.css?body=1" for 127.0.0.1 at 2013-05-05 21:40:04 -0700
Served asset /active_admin/print.css - 304 Not Modified (0ms)


Started GET "/admin/gums?order=upc_asc&page=1&scope=inactive" for 127.0.0.1 at 2013-05-05 21:40:07 -0700
Processing by Admin::GumsController#index as HTML
  Parameters: {"order"=>"upc_asc", "page"=>"1", "scope"=>"inactive"}
  [1m[36mAdminUser Load (0.5ms)[0m  [1mSELECT `admin_users`.* FROM `admin_users` WHERE `admin_users`.`id` = 1 LIMIT 1[0m
  [1m[35m (0.6ms)[0m  SELECT COUNT(*) FROM `gums` WHERE (upc = 0 OR upc = null)
  [1m[36m (0.6ms)[0m  [1mSELECT COUNT(*) FROM `gums` WHERE `gums`.`active` = 0[0m
  [1m[35m (0.5ms)[0m  SELECT COUNT(*) FROM `gums` WHERE `gums`.`image` = 'intl_gum_coming_soon_bubble.png'
  [1m[36m (0.6ms)[0m  [1mSELECT COUNT(*) FROM `gums` WHERE `gums`.`description` = ''[0m
  [1m[35m (0.5ms)[0m  SELECT COUNT(count_column) FROM (SELECT 1 AS count_column FROM `gums` WHERE `gums`.`active` = 0 LIMIT 30 OFFSET 0) subquery_for_count 
  Rendered /Users/kevinhoiland/.rvm/gems/ruby-1.9.3-p362/gems/activeadmin-0.5.1/app/views/active_admin/resource/index.html.arb (524.3ms)
Completed 200 OK in 530ms (Views: 523.8ms | ActiveRecord: 3.3ms)


Started GET "/assets/active_admin.css?body=1" for 127.0.0.1 at 2013-05-05 21:40:08 -0700
Served asset /active_admin.css - 304 Not Modified (1ms)


Started GET "/assets/active_admin.js" for 127.0.0.1 at 2013-05-05 21:40:08 -0700
Served asset /active_admin.js - 304 Not Modified (0ms)


Started GET "/assets/active_admin/print.css?body=1" for 127.0.0.1 at 2013-05-05 21:40:08 -0700
Served asset /active_admin/print.css - 304 Not Modified (0ms)


Started GET "/admin/gums?order=upc_asc&page=1&scope=empty_upc" for 127.0.0.1 at 2013-05-05 21:40:09 -0700
Processing by Admin::GumsController#index as HTML
  Parameters: {"order"=>"upc_asc", "page"=>"1", "scope"=>"empty_upc"}
  [1m[36mAdminUser Load (0.4ms)[0m  [1mSELECT `admin_users`.* FROM `admin_users` WHERE `admin_users`.`id` = 1 LIMIT 1[0m
  [1m[35m (0.7ms)[0m  SELECT COUNT(*) FROM `gums` WHERE (upc = 0 OR upc = null)
  [1m[36m (0.6ms)[0m  [1mSELECT COUNT(*) FROM `gums` WHERE `gums`.`active` = 0[0m
  [1m[35m (0.5ms)[0m  SELECT COUNT(*) FROM `gums` WHERE `gums`.`image` = 'intl_gum_coming_soon_bubble.png'
  [1m[36m (0.7ms)[0m  [1mSELECT COUNT(*) FROM `gums` WHERE `gums`.`description` = ''[0m
  [1m[35m (0.6ms)[0m  SELECT COUNT(count_column) FROM (SELECT 1 AS count_column FROM `gums` WHERE (upc = 0 OR upc = null) LIMIT 30 OFFSET 0) subquery_for_count 
  [1m[36mCACHE (0.0ms)[0m  [1mSELECT COUNT(*) FROM `gums` WHERE (upc = 0 OR upc = null)[0m
  [1m[35mCACHE (0.0ms)[0m  SELECT COUNT(count_column) FROM (SELECT 1 AS count_column FROM `gums` WHERE (upc = 0 OR upc = null) LIMIT 30 OFFSET 0) subquery_for_count 
  [1m[36mGum Load (1.3ms)[0m  [1mSELECT `gums`.* FROM `gums` WHERE (upc = 0 OR upc = null) ORDER BY `gums`.`upc` asc LIMIT 30 OFFSET 0[0m
  Rendered /Users/kevinhoiland/.rvm/gems/ruby-1.9.3-p362/gems/activeadmin-0.5.1/app/views/active_admin/resource/index.html.arb (641.0ms)
Completed 200 OK in 647ms (Views: 639.2ms | ActiveRecord: 4.9ms)


Started GET "/assets/active_admin.js" for 127.0.0.1 at 2013-05-05 21:40:10 -0700
Served asset /active_admin.js - 304 Not Modified (0ms)


Started GET "/assets/active_admin.css?body=1" for 127.0.0.1 at 2013-05-05 21:40:10 -0700
Served asset /active_admin.css - 304 Not Modified (1ms)


Started GET "/assets/active_admin/print.css?body=1" for 127.0.0.1 at 2013-05-05 21:40:10 -0700
Served asset /active_admin/print.css - 304 Not Modified (0ms)


Started GET "/admin/gums?order=upc_asc&page=5&scope=empty_upc" for 127.0.0.1 at 2013-05-05 21:40:15 -0700
Processing by Admin::GumsController#index as HTML
  Parameters: {"order"=>"upc_asc", "page"=>"5", "scope"=>"empty_upc"}
  [1m[35mAdminUser Load (0.4ms)[0m  SELECT `admin_users`.* FROM `admin_users` WHERE `admin_users`.`id` = 1 LIMIT 1
  [1m[36m (0.8ms)[0m  [1mSELECT COUNT(*) FROM `gums` WHERE (upc = 0 OR upc = null)[0m
  [1m[35m (0.5ms)[0m  SELECT COUNT(*) FROM `gums` WHERE `gums`.`active` = 0
  [1m[36m (0.5ms)[0m  [1mSELECT COUNT(*) FROM `gums` WHERE `gums`.`image` = 'intl_gum_coming_soon_bubble.png'[0m
  [1m[35m (0.9ms)[0m  SELECT COUNT(*) FROM `gums` WHERE `gums`.`description` = ''
  [1m[36m (0.5ms)[0m  [1mSELECT COUNT(count_column) FROM (SELECT 1 AS count_column FROM `gums` WHERE (upc = 0 OR upc = null) LIMIT 30 OFFSET 120) subquery_for_count [0m
  [1m[35mCACHE (0.0ms)[0m  SELECT COUNT(*) FROM `gums` WHERE (upc = 0 OR upc = null)
  [1m[36mCACHE (0.0ms)[0m  [1mSELECT COUNT(count_column) FROM (SELECT 1 AS count_column FROM `gums` WHERE (upc = 0 OR upc = null) LIMIT 30 OFFSET 120) subquery_for_count [0m
  [1m[35mGum Load (44.1ms)[0m  SELECT `gums`.* FROM `gums` WHERE (upc = 0 OR upc = null) ORDER BY `gums`.`upc` asc LIMIT 30 OFFSET 120
  Rendered /Users/kevinhoiland/.rvm/gems/ruby-1.9.3-p362/gems/activeadmin-0.5.1/app/views/active_admin/resource/index.html.arb (620.1ms)
Completed 200 OK in 626ms (Views: 575.2ms | ActiveRecord: 47.5ms)


Started GET "/assets/active_admin.css?body=1" for 127.0.0.1 at 2013-05-05 21:40:16 -0700
Served asset /active_admin.css - 304 Not Modified (1ms)


Started GET "/assets/active_admin.js" for 127.0.0.1 at 2013-05-05 21:40:16 -0700
Served asset /active_admin.js - 304 Not Modified (0ms)


Started GET "/assets/active_admin/print.css?body=1" for 127.0.0.1 at 2013-05-05 21:40:16 -0700
Served asset /active_admin/print.css - 304 Not Modified (0ms)


Started GET "/admin/gums?order=upc_asc&scope=empty_upc" for 127.0.0.1 at 2013-05-05 21:40:18 -0700
Processing by Admin::GumsController#index as HTML
  Parameters: {"order"=>"upc_asc", "scope"=>"empty_upc"}
  [1m[36mAdminUser Load (0.5ms)[0m  [1mSELECT `admin_users`.* FROM `admin_users` WHERE `admin_users`.`id` = 1 LIMIT 1[0m
  [1m[35m (0.8ms)[0m  SELECT COUNT(*) FROM `gums` WHERE (upc = 0 OR upc = null)
  [1m[36m (0.4ms)[0m  [1mSELECT COUNT(*) FROM `gums` WHERE `gums`.`active` = 0[0m
  [1m[35m (0.6ms)[0m  SELECT COUNT(*) FROM `gums` WHERE `gums`.`image` = 'intl_gum_coming_soon_bubble.png'
  [1m[36m (0.8ms)[0m  [1mSELECT COUNT(*) FROM `gums` WHERE `gums`.`description` = ''[0m
  [1m[35m (0.4ms)[0m  SELECT COUNT(count_column) FROM (SELECT 1 AS count_column FROM `gums` WHERE (upc = 0 OR upc = null) LIMIT 30 OFFSET 0) subquery_for_count 
  [1m[36mCACHE (0.0ms)[0m  [1mSELECT COUNT(*) FROM `gums` WHERE (upc = 0 OR upc = null)[0m
  [1m[35mCACHE (0.0ms)[0m  SELECT COUNT(count_column) FROM (SELECT 1 AS count_column FROM `gums` WHERE (upc = 0 OR upc = null) LIMIT 30 OFFSET 0) subquery_for_count 
  [1m[36mGum Load (1.1ms)[0m  [1mSELECT `gums`.* FROM `gums` WHERE (upc = 0 OR upc = null) ORDER BY `gums`.`upc` asc LIMIT 30 OFFSET 0[0m
  Rendered /Users/kevinhoiland/.rvm/gems/ruby-1.9.3-p362/gems/activeadmin-0.5.1/app/views/active_admin/resource/index.html.arb (642.4ms)
Completed 200 OK in 648ms (Views: 640.6ms | ActiveRecord: 4.6ms)


Started GET "/assets/active_admin.css?body=1" for 127.0.0.1 at 2013-05-05 21:40:18 -0700
Served asset /active_admin.css - 304 Not Modified (2ms)


Started GET "/assets/active_admin.js" for 127.0.0.1 at 2013-05-05 21:40:18 -0700
Served asset /active_admin.js - 304 Not Modified (0ms)


Started GET "/assets/active_admin/print.css?body=1" for 127.0.0.1 at 2013-05-05 21:40:18 -0700
Served asset /active_admin/print.css - 304 Not Modified (0ms)


Started GET "/admin/gums?order=upc_asc&page=1&scope=empty_upc" for 127.0.0.1 at 2013-05-05 21:40:25 -0700
Processing by Admin::GumsController#index as HTML
  Parameters: {"order"=>"upc_asc", "page"=>"1", "scope"=>"empty_upc"}
  [1m[35mAdminUser Load (0.4ms)[0m  SELECT `admin_users`.* FROM `admin_users` WHERE `admin_users`.`id` = 1 LIMIT 1
  [1m[36m (0.8ms)[0m  [1mSELECT COUNT(*) FROM `gums` WHERE (upc = 0 OR upc = null)[0m
  [1m[35m (0.5ms)[0m  SELECT COUNT(*) FROM `gums` WHERE `gums`.`active` = 0
  [1m[36m (0.5ms)[0m  [1mSELECT COUNT(*) FROM `gums` WHERE `gums`.`image` = 'intl_gum_coming_soon_bubble.png'[0m
  [1m[35m (0.6ms)[0m  SELECT COUNT(*) FROM `gums` WHERE `gums`.`description` = ''
  [1m[36m (0.4ms)[0m  [1mSELECT COUNT(count_column) FROM (SELECT 1 AS count_column FROM `gums` WHERE (upc = 0 OR upc = null) LIMIT 30 OFFSET 0) subquery_for_count [0m
  [1m[35mCACHE (0.0ms)[0m  SELECT COUNT(*) FROM `gums` WHERE (upc = 0 OR upc = null)
  [1m[36mCACHE (0.0ms)[0m  [1mSELECT COUNT(count_column) FROM (SELECT 1 AS count_column FROM `gums` WHERE (upc = 0 OR upc = null) LIMIT 30 OFFSET 0) subquery_for_count [0m
  [1m[35mGum Load (1.6ms)[0m  SELECT `gums`.* FROM `gums` WHERE (upc = 0 OR upc = null) ORDER BY `gums`.`upc` asc LIMIT 30 OFFSET 0
  Rendered /Users/kevinhoiland/.rvm/gems/ruby-1.9.3-p362/gems/activeadmin-0.5.1/app/views/active_admin/resource/index.html.arb (586.2ms)
Completed 200 OK in 592ms (Views: 584.2ms | ActiveRecord: 4.8ms)


Started GET "/assets/active_admin.js" for 127.0.0.1 at 2013-05-05 21:40:25 -0700
Served asset /active_admin.js - 304 Not Modified (0ms)


Started GET "/assets/active_admin.css?body=1" for 127.0.0.1 at 2013-05-05 21:40:25 -0700
Served asset /active_admin.css - 304 Not Modified (70ms)


Started GET "/assets/active_admin/print.css?body=1" for 127.0.0.1 at 2013-05-05 21:40:26 -0700
Served asset /active_admin/print.css - 304 Not Modified (0ms)


Started GET "/admin/gums" for 127.0.0.1 at 2013-05-05 21:40:29 -0700
Processing by Admin::GumsController#index as HTML
  [1m[36mAdminUser Load (0.5ms)[0m  [1mSELECT `admin_users`.* FROM `admin_users` WHERE `admin_users`.`id` = 1 LIMIT 1[0m
  [1m[35m (0.8ms)[0m  SELECT COUNT(*) FROM `gums` WHERE (upc = 0 OR upc = null)
  [1m[36m (0.5ms)[0m  [1mSELECT COUNT(*) FROM `gums` WHERE `gums`.`active` = 0[0m
  [1m[35m (0.5ms)[0m  SELECT COUNT(*) FROM `gums` WHERE `gums`.`image` = 'intl_gum_coming_soon_bubble.png'
  [1m[36m (0.6ms)[0m  [1mSELECT COUNT(*) FROM `gums` WHERE `gums`.`description` = ''[0m
  [1m[35m (0.4ms)[0m  SELECT COUNT(count_column) FROM (SELECT 1 AS count_column FROM `gums` LIMIT 30 OFFSET 0) subquery_for_count 
  [1m[36m (0.2ms)[0m  [1mSELECT COUNT(*) FROM `gums` [0m
  [1m[35mCACHE (0.0ms)[0m  SELECT COUNT(count_column) FROM (SELECT 1 AS count_column FROM `gums` LIMIT 30 OFFSET 0) subquery_for_count 
  [1m[36mGum Load (0.7ms)[0m  [1mSELECT `gums`.* FROM `gums` ORDER BY `gums`.`id` desc LIMIT 30 OFFSET 0[0m
  Rendered /Users/kevinhoiland/.rvm/gems/ruby-1.9.3-p362/gems/activeadmin-0.5.1/app/views/active_admin/resource/index.html.arb (566.7ms)
Completed 200 OK in 572ms (Views: 565.2ms | ActiveRecord: 4.3ms)


Started GET "/assets/active_admin.css?body=1" for 127.0.0.1 at 2013-05-05 21:40:29 -0700
Served asset /active_admin.css - 304 Not Modified (1ms)


Started GET "/assets/active_admin.js" for 127.0.0.1 at 2013-05-05 21:40:29 -0700
Served asset /active_admin.js - 304 Not Modified (0ms)


Started GET "/assets/active_admin/print.css?body=1" for 127.0.0.1 at 2013-05-05 21:40:29 -0700
Served asset /active_admin/print.css - 304 Not Modified (0ms)


Started GET "/admin/gums?order=id_desc&page=1&scope=no_description" for 127.0.0.1 at 2013-05-05 21:40:39 -0700
Processing by Admin::GumsController#index as HTML
  Parameters: {"order"=>"id_desc", "page"=>"1", "scope"=>"no_description"}
  [1m[35mAdminUser Load (0.4ms)[0m  SELECT `admin_users`.* FROM `admin_users` WHERE `admin_users`.`id` = 1 LIMIT 1
  [1m[36m (0.6ms)[0m  [1mSELECT COUNT(*) FROM `gums` WHERE (upc = 0 OR upc = null)[0m
  [1m[35m (0.5ms)[0m  SELECT COUNT(*) FROM `gums` WHERE `gums`.`active` = 0
  [1m[36m (0.4ms)[0m  [1mSELECT COUNT(*) FROM `gums` WHERE `gums`.`image` = 'intl_gum_coming_soon_bubble.png'[0m
  [1m[35m (0.8ms)[0m  SELECT COUNT(*) FROM `gums` WHERE `gums`.`description` = ''
  [1m[36m (11.9ms)[0m  [1mSELECT COUNT(count_column) FROM (SELECT 1 AS count_column FROM `gums` WHERE `gums`.`description` = '' LIMIT 30 OFFSET 0) subquery_for_count [0m
  [1m[35mCACHE (0.0ms)[0m  SELECT COUNT(*) FROM `gums` WHERE `gums`.`description` = ''
  [1m[36mCACHE (0.0ms)[0m  [1mSELECT COUNT(count_column) FROM (SELECT 1 AS count_column FROM `gums` WHERE `gums`.`description` = '' LIMIT 30 OFFSET 0) subquery_for_count [0m
  [1m[35mGum Load (0.9ms)[0m  SELECT `gums`.* FROM `gums` WHERE `gums`.`description` = '' ORDER BY `gums`.`id` desc LIMIT 30 OFFSET 0
  Rendered /Users/kevinhoiland/.rvm/gems/ruby-1.9.3-p362/gems/activeadmin-0.5.1/app/views/active_admin/resource/index.html.arb (644.9ms)
Completed 200 OK in 650ms (Views: 632.2ms | ActiveRecord: 15.5ms)


Started GET "/assets/active_admin.css?body=1" for 127.0.0.1 at 2013-05-05 21:40:40 -0700
Served asset /active_admin.css - 304 Not Modified (1ms)


Started GET "/assets/active_admin.js" for 127.0.0.1 at 2013-05-05 21:40:40 -0700
Served asset /active_admin.js - 304 Not Modified (0ms)


Started GET "/assets/active_admin/print.css?body=1" for 127.0.0.1 at 2013-05-05 21:40:40 -0700
Served asset /active_admin/print.css - 304 Not Modified (0ms)


Started GET "/admin/gums?order=id_desc&page=1&scope=empty_upc" for 127.0.0.1 at 2013-05-05 21:40:53 -0700
Processing by Admin::GumsController#index as HTML
  Parameters: {"order"=>"id_desc", "page"=>"1", "scope"=>"empty_upc"}
  [1m[36mAdminUser Load (0.4ms)[0m  [1mSELECT `admin_users`.* FROM `admin_users` WHERE `admin_users`.`id` = 1 LIMIT 1[0m
  [1m[35m (0.7ms)[0m  SELECT COUNT(*) FROM `gums` WHERE (upc = 0 OR upc = null)
  [1m[36m (0.5ms)[0m  [1mSELECT COUNT(*) FROM `gums` WHERE `gums`.`active` = 0[0m
  [1m[35m (0.4ms)[0m  SELECT COUNT(*) FROM `gums` WHERE `gums`.`image` = 'intl_gum_coming_soon_bubble.png'
  [1m[36m (0.6ms)[0m  [1mSELECT COUNT(*) FROM `gums` WHERE `gums`.`description` = ''[0m
  [1m[35m (0.6ms)[0m  SELECT COUNT(count_column) FROM (SELECT 1 AS count_column FROM `gums` WHERE (upc = 0 OR upc = null) LIMIT 30 OFFSET 0) subquery_for_count 
  [1m[36mCACHE (0.0ms)[0m  [1mSELECT COUNT(*) FROM `gums` WHERE (upc = 0 OR upc = null)[0m
  [1m[35mCACHE (0.0ms)[0m  SELECT COUNT(count_column) FROM (SELECT 1 AS count_column FROM `gums` WHERE (upc = 0 OR upc = null) LIMIT 30 OFFSET 0) subquery_for_count 
  [1m[36mGum Load (0.8ms)[0m  [1mSELECT `gums`.* FROM `gums` WHERE (upc = 0 OR upc = null) ORDER BY `gums`.`id` desc LIMIT 30 OFFSET 0[0m
  Rendered /Users/kevinhoiland/.rvm/gems/ruby-1.9.3-p362/gems/activeadmin-0.5.1/app/views/active_admin/resource/index.html.arb (566.6ms)
Completed 200 OK in 573ms (Views: 566.1ms | ActiveRecord: 3.9ms)


Started GET "/assets/active_admin.css?body=1" for 127.0.0.1 at 2013-05-05 21:40:53 -0700
Served asset /active_admin.css - 304 Not Modified (1ms)


Started GET "/assets/active_admin.js" for 127.0.0.1 at 2013-05-05 21:40:53 -0700
Served asset /active_admin.js - 304 Not Modified (0ms)


Started GET "/assets/active_admin/print.css?body=1" for 127.0.0.1 at 2013-05-05 21:40:53 -0700
Served asset /active_admin/print.css - 304 Not Modified (0ms)
Connecting to database specified by database.yml


Started GET "/admin/gums?order=id_desc&page=1&scope=empty_upc" for 127.0.0.1 at 2013-05-05 21:41:23 -0700
Processing by Admin::GumsController#index as HTML
  Parameters: {"order"=>"id_desc", "page"=>"1", "scope"=>"empty_upc"}
  [1m[36mAdminUser Load (0.3ms)[0m  [1mSELECT `admin_users`.* FROM `admin_users` WHERE `admin_users`.`id` = 1 LIMIT 1[0m
  [1m[35m (0.6ms)[0m  SELECT COUNT(*) FROM `gums` WHERE (upc = 0 OR upc = null)
  [1m[36m (0.6ms)[0m  [1mSELECT COUNT(*) FROM `gums` WHERE `gums`.`active` = 0[0m
  [1m[35m (0.6ms)[0m  SELECT COUNT(*) FROM `gums` WHERE `gums`.`image` = 'intl_gum_coming_soon_bubble.png'
  [1m[36m (0.8ms)[0m  [1mSELECT COUNT(*) FROM `gums` WHERE `gums`.`description` = ''[0m
  [1m[35m (0.5ms)[0m  SELECT COUNT(count_column) FROM (SELECT 1 AS count_column FROM `gums` WHERE (upc = 0 OR upc = null) LIMIT 30 OFFSET 0) subquery_for_count 
  [1m[36mCACHE (0.0ms)[0m  [1mSELECT COUNT(*) FROM `gums` WHERE (upc = 0 OR upc = null)[0m
  [1m[35mCACHE (0.0ms)[0m  SELECT COUNT(count_column) FROM (SELECT 1 AS count_column FROM `gums` WHERE (upc = 0 OR upc = null) LIMIT 30 OFFSET 0) subquery_for_count 
  [1m[36mGum Load (0.8ms)[0m  [1mSELECT `gums`.* FROM `gums` WHERE (upc = 0 OR upc = null) ORDER BY `gums`.`id` desc LIMIT 30 OFFSET 0[0m
  Rendered /Users/kevinhoiland/.rvm/gems/ruby-1.9.3-p362/gems/activeadmin-0.5.1/app/views/active_admin/resource/index.html.arb (1330.7ms)
Completed 200 OK in 1447ms (Views: 1391.0ms | ActiveRecord: 10.5ms)


Started GET "/assets/active_admin.js" for 127.0.0.1 at 2013-05-05 21:41:25 -0700
Served asset /active_admin.js - 304 Not Modified (19ms)


Started GET "/assets/active_admin.css?body=1" for 127.0.0.1 at 2013-05-05 21:41:25 -0700
Served asset /active_admin.css - 304 Not Modified (10ms)


Started GET "/assets/active_admin/print.css?body=1" for 127.0.0.1 at 2013-05-05 21:41:25 -0700
Served asset /active_admin/print.css - 304 Not Modified (3ms)


Started GET "/admin/gums?order=id_desc&page=1&scope=empty_upc" for 127.0.0.1 at 2013-05-05 21:41:34 -0700
Processing by Admin::GumsController#index as HTML
  Parameters: {"order"=>"id_desc", "page"=>"1", "scope"=>"empty_upc"}
  [1m[35mAdminUser Load (0.4ms)[0m  SELECT `admin_users`.* FROM `admin_users` WHERE `admin_users`.`id` = 1 LIMIT 1
  [1m[36m (0.8ms)[0m  [1mSELECT COUNT(*) FROM `gums` WHERE (upc = 0 OR upc = null)[0m
  [1m[35m (0.5ms)[0m  SELECT COUNT(*) FROM `gums` WHERE `gums`.`active` = 0
  [1m[36m (0.4ms)[0m  [1mSELECT COUNT(*) FROM `gums` WHERE `gums`.`image` = 'intl_gum_coming_soon_bubble.png'[0m
  [1m[35m (0.6ms)[0m  SELECT COUNT(*) FROM `gums` WHERE `gums`.`description` = ''
  [1m[36m (0.5ms)[0m  [1mSELECT COUNT(count_column) FROM (SELECT 1 AS count_column FROM `gums` WHERE (upc = 0 OR upc = null) LIMIT 30 OFFSET 0) subquery_for_count [0m
  [1m[35mCACHE (0.0ms)[0m  SELECT COUNT(*) FROM `gums` WHERE (upc = 0 OR upc = null)
  [1m[36mCACHE (0.0ms)[0m  [1mSELECT COUNT(count_column) FROM (SELECT 1 AS count_column FROM `gums` WHERE (upc = 0 OR upc = null) LIMIT 30 OFFSET 0) subquery_for_count [0m
  [1m[35mGum Load (0.6ms)[0m  SELECT `gums`.* FROM `gums` WHERE (upc = 0 OR upc = null) ORDER BY `gums`.`id` desc LIMIT 30 OFFSET 0
  Rendered /Users/kevinhoiland/.rvm/gems/ruby-1.9.3-p362/gems/activeadmin-0.5.1/app/views/active_admin/resource/index.html.arb (585.5ms)
Completed 200 OK in 592ms (Views: 585.3ms | ActiveRecord: 3.9ms)


Started GET "/assets/active_admin.css?body=1" for 127.0.0.1 at 2013-05-05 21:41:35 -0700
Served asset /active_admin.css - 304 Not Modified (1ms)


Started GET "/assets/active_admin.js" for 127.0.0.1 at 2013-05-05 21:41:35 -0700
Served asset /active_admin.js - 304 Not Modified (0ms)


Started GET "/assets/active_admin/print.css?body=1" for 127.0.0.1 at 2013-05-05 21:41:35 -0700
Served asset /active_admin/print.css - 304 Not Modified (0ms)


Started GET "/admin/gums" for 127.0.0.1 at 2013-05-05 21:41:37 -0700
Processing by Admin::GumsController#index as HTML
  [1m[36mAdminUser Load (0.4ms)[0m  [1mSELECT `admin_users`.* FROM `admin_users` WHERE `admin_users`.`id` = 1 LIMIT 1[0m
  [1m[35m (0.8ms)[0m  SELECT COUNT(*) FROM `gums` WHERE (upc = 0 OR upc = null)
  [1m[36m (0.5ms)[0m  [1mSELECT COUNT(*) FROM `gums` WHERE `gums`.`active` = 0[0m
  [1m[35m (0.5ms)[0m  SELECT COUNT(*) FROM `gums` WHERE `gums`.`image` = 'intl_gum_coming_soon_bubble.png'
  [1m[36m (0.5ms)[0m  [1mSELECT COUNT(*) FROM `gums` WHERE `gums`.`description` = ''[0m
  [1m[35m (0.2ms)[0m  SELECT COUNT(count_column) FROM (SELECT 1 AS count_column FROM `gums` LIMIT 30 OFFSET 0) subquery_for_count 
  [1m[36m (0.5ms)[0m  [1mSELECT COUNT(*) FROM `gums` [0m
  [1m[35mCACHE (0.0ms)[0m  SELECT COUNT(count_column) FROM (SELECT 1 AS count_column FROM `gums` LIMIT 30 OFFSET 0) subquery_for_count 
  [1m[36mGum Load (0.7ms)[0m  [1mSELECT `gums`.* FROM `gums` ORDER BY `gums`.`id` desc LIMIT 30 OFFSET 0[0m
  Rendered /Users/kevinhoiland/.rvm/gems/ruby-1.9.3-p362/gems/activeadmin-0.5.1/app/views/active_admin/resource/index.html.arb (542.9ms)
Completed 200 OK in 548ms (Views: 541.5ms | ActiveRecord: 4.1ms)


Started GET "/assets/active_admin.css?body=1" for 127.0.0.1 at 2013-05-05 21:41:38 -0700
Served asset /active_admin.css - 304 Not Modified (2ms)


Started GET "/assets/active_admin.js" for 127.0.0.1 at 2013-05-05 21:41:38 -0700
Served asset /active_admin.js - 304 Not Modified (0ms)


Started GET "/assets/active_admin/print.css?body=1" for 127.0.0.1 at 2013-05-05 21:41:38 -0700
Served asset /active_admin/print.css - 304 Not Modified (0ms)


Started GET "/admin/gums?order=id_desc&page=1&scope=empty_upc" for 127.0.0.1 at 2013-05-05 21:41:39 -0700
Processing by Admin::GumsController#index as HTML
  Parameters: {"order"=>"id_desc", "page"=>"1", "scope"=>"empty_upc"}
  [1m[35mAdminUser Load (0.4ms)[0m  SELECT `admin_users`.* FROM `admin_users` WHERE `admin_users`.`id` = 1 LIMIT 1
  [1m[36m (0.8ms)[0m  [1mSELECT COUNT(*) FROM `gums` WHERE (upc = 0 OR upc = null)[0m
  [1m[35m (0.4ms)[0m  SELECT COUNT(*) FROM `gums` WHERE `gums`.`active` = 0
  [1m[36m (0.6ms)[0m  [1mSELECT COUNT(*) FROM `gums` WHERE `gums`.`image` = 'intl_gum_coming_soon_bubble.png'[0m
  [1m[35m (0.6ms)[0m  SELECT COUNT(*) FROM `gums` WHERE `gums`.`description` = ''
  [1m[36m (0.6ms)[0m  [1mSELECT COUNT(count_column) FROM (SELECT 1 AS count_column FROM `gums` WHERE (upc = 0 OR upc = null) LIMIT 30 OFFSET 0) subquery_for_count [0m
  [1m[35mCACHE (0.0ms)[0m  SELECT COUNT(*) FROM `gums` WHERE (upc = 0 OR upc = null)
  [1m[36mCACHE (0.0ms)[0m  [1mSELECT COUNT(count_column) FROM (SELECT 1 AS count_column FROM `gums` WHERE (upc = 0 OR upc = null) LIMIT 30 OFFSET 0) subquery_for_count [0m
  [1m[35mGum Load (0.9ms)[0m  SELECT `gums`.* FROM `gums` WHERE (upc = 0 OR upc = null) ORDER BY `gums`.`id` desc LIMIT 30 OFFSET 0
  Rendered /Users/kevinhoiland/.rvm/gems/ruby-1.9.3-p362/gems/activeadmin-0.5.1/app/views/active_admin/resource/index.html.arb (543.7ms)
Completed 200 OK in 549ms (Views: 542.1ms | ActiveRecord: 4.3ms)


Started GET "/assets/active_admin.css?body=1" for 127.0.0.1 at 2013-05-05 21:41:40 -0700
Served asset /active_admin.css - 304 Not Modified (1ms)


Started GET "/assets/active_admin.js" for 127.0.0.1 at 2013-05-05 21:41:40 -0700
Served asset /active_admin.js - 304 Not Modified (0ms)


Started GET "/assets/active_admin/print.css?body=1" for 127.0.0.1 at 2013-05-05 21:41:40 -0700
Served asset /active_admin/print.css - 304 Not Modified (0ms)


Started GET "/admin/logout" for 127.0.0.1 at 2013-05-05 21:42:27 -0700
Processing by ActiveAdmin::Devise::SessionsController#destroy as HTML
  Parameters: {"authenticity_token"=>"deO6hi0o28rddHNgjlqDkTWhirQLfBonrpAt9yFXjrM="}
  [1m[36mAdminUser Load (0.4ms)[0m  [1mSELECT `admin_users`.* FROM `admin_users` WHERE `admin_users`.`id` = 1 LIMIT 1[0m
  [1m[35m (0.1ms)[0m  BEGIN
  [1m[36m (0.1ms)[0m  [1mCOMMIT[0m
Redirected to http://localhost:3000/admin
Completed 302 Found in 7ms (ActiveRecord: 0.6ms)


Started GET "/admin" for 127.0.0.1 at 2013-05-05 21:42:27 -0700
Processing by Admin::DashboardController#index as HTML
Completed 401 Unauthorized in 3ms


Started GET "/admin/login" for 127.0.0.1 at 2013-05-05 21:42:27 -0700
Processing by ActiveAdmin::Devise::SessionsController#new as HTML
  Rendered /Users/kevinhoiland/.rvm/gems/ruby-1.9.3-p362/gems/activeadmin-0.5.1/app/views/active_admin/devise/shared/_links.erb (0.8ms)
  Rendered /Users/kevinhoiland/.rvm/gems/ruby-1.9.3-p362/gems/activeadmin-0.5.1/app/views/active_admin/devise/sessions/new.html.erb within layouts/active_admin_logged_out (114.4ms)
Completed 200 OK in 313ms (Views: 311.3ms | ActiveRecord: 0.0ms)


Started GET "/assets/active_admin.css?body=1" for 127.0.0.1 at 2013-05-05 21:42:27 -0700
Served asset /active_admin.css - 304 Not Modified (1ms)


Started GET "/assets/jquery_ujs.js?body=1" for 127.0.0.1 at 2013-05-05 21:42:27 -0700
Served asset /jquery_ujs.js - 304 Not Modified (5ms)


Started GET "/assets/active_admin/components/jquery.aa.checkbox-toggler.js?body=1" for 127.0.0.1 at 2013-05-05 21:42:27 -0700
Served asset /active_admin/components/jquery.aa.checkbox-toggler.js - 304 Not Modified (2ms)


Started GET "/assets/active_admin/lib/namespace.js?body=1" for 127.0.0.1 at 2013-05-05 21:42:27 -0700
Served asset /active_admin/lib/namespace.js - 304 Not Modified (2ms)


Started GET "/assets/jquery.js?body=1" for 127.0.0.1 at 2013-05-05 21:42:27 -0700
Served asset /jquery.js - 304 Not Modified (3ms)


Started GET "/assets/jquery-ui.js?body=1" for 127.0.0.1 at 2013-05-05 21:42:27 -0700
Served asset /jquery-ui.js - 304 Not Modified (5ms)


Started GET "/assets/active_admin/components/jquery.aa.dropdown-menu.js?body=1" for 127.0.0.1 at 2013-05-05 21:42:27 -0700
Served asset /active_admin/components/jquery.aa.dropdown-menu.js - 304 Not Modified (2ms)


Started GET "/assets/active_admin/components/jquery.aa.popover.js?body=1" for 127.0.0.1 at 2013-05-05 21:42:27 -0700
Served asset /active_admin/components/jquery.aa.popover.js - 304 Not Modified (72ms)


Started GET "/assets/active_admin/components/jquery.aa.table-checkbox-toggler.js?body=1" for 127.0.0.1 at 2013-05-05 21:42:28 -0700
Served asset /active_admin/components/jquery.aa.table-checkbox-toggler.js - 304 Not Modified (3ms)


Started GET "/assets/active_admin/pages/application.js?body=1" for 127.0.0.1 at 2013-05-05 21:42:28 -0700
Served asset /active_admin/pages/application.js - 304 Not Modified (3ms)


Started GET "/assets/active_admin/pages/batch_actions.js?body=1" for 127.0.0.1 at 2013-05-05 21:42:28 -0700
Served asset /active_admin/pages/batch_actions.js - 304 Not Modified (5ms)


Started GET "/assets/active_admin/application.js?body=1" for 127.0.0.1 at 2013-05-05 21:42:28 -0700
Served asset /active_admin/application.js - 304 Not Modified (9ms)


Started GET "/assets/active_admin/base.js?body=1" for 127.0.0.1 at 2013-05-05 21:42:28 -0700
Served asset /active_admin/base.js - 304 Not Modified (15ms)


Started GET "/assets/active_admin.js?body=1" for 127.0.0.1 at 2013-05-05 21:42:28 -0700
Served asset /active_admin.js - 304 Not Modified (18ms)


Started GET "/assets/active_admin/print.css?body=1" for 127.0.0.1 at 2013-05-05 21:42:28 -0700
Served asset /active_admin/print.css - 304 Not Modified (0ms)


Started GET "/" for 127.0.0.1 at 2013-05-05 21:42:30 -0700
Processing by WelcomesController#index as HTML
  Rendered layouts/_main_nav.html.erb (1.8ms)
  [1m[35mDynamicText Load (0.4ms)[0m  SELECT `dynamic_texts`.* FROM `dynamic_texts` WHERE (location LIKE '%home_top%' AND visible = '1') ORDER BY sequence ASC
  [1m[36mDynamicText Load (0.2ms)[0m  [1mSELECT `dynamic_texts`.* FROM `dynamic_texts` WHERE (location LIKE '%home_slide%' AND visible = '1') ORDER BY sequence ASC[0m
  [1m[35mDynamicText Load (0.5ms)[0m  SELECT `dynamic_texts`.* FROM `dynamic_texts` WHERE (location LIKE '%home_bottom%' AND visible = '1') ORDER BY sequence ASC
  Rendered welcomes/index.html.erb within layouts/application (79.4ms)
  Rendered layouts/_header.html.erb (2.1ms)
  Rendered layouts/_footer.html.erb (1.5ms)
Completed 200 OK in 348ms (Views: 342.4ms | ActiveRecord: 3.8ms)


Started GET "/assets/application.css?body=1" for 127.0.0.1 at 2013-05-05 21:42:30 -0700
Served asset /application.css - 304 Not Modified (17ms)


Started GET "/assets/jquery.js?body=1" for 127.0.0.1 at 2013-05-05 21:42:30 -0700
Served asset /jquery.js - 304 Not Modified (0ms)


Started GET "/assets/jquery.cycle.all.js?body=1" for 127.0.0.1 at 2013-05-05 21:42:30 -0700
Served asset /jquery.cycle.all.js - 304 Not Modified (2ms)


Started GET "/assets/jquery_ujs.js?body=1" for 127.0.0.1 at 2013-05-05 21:42:30 -0700
Served asset /jquery_ujs.js - 304 Not Modified (0ms)


Started GET "/assets/html5shiv-printshiv.js?body=1" for 127.0.0.1 at 2013-05-05 21:42:30 -0700
Served asset /html5shiv-printshiv.js - 304 Not Modified (4ms)


Started GET "/assets/OLDhtml5_fix.js?body=1" for 127.0.0.1 at 2013-05-05 21:42:30 -0700
Served asset /OLDhtml5_fix.js - 304 Not Modified (2ms)


Started GET "/assets/OLDhtml5shiv.js?body=1" for 127.0.0.1 at 2013-05-05 21:42:30 -0700
Served asset /OLDhtml5shiv.js - 304 Not Modified (2ms)


Started GET "/assets/jquery-ui.js?body=1" for 127.0.0.1 at 2013-05-05 21:42:30 -0700
Served asset /jquery-ui.js - 304 Not Modified (0ms)


Started GET "/assets/active_admin/components/jquery.aa.checkbox-toggler.js?body=1" for 127.0.0.1 at 2013-05-05 21:42:30 -0700
Served asset /active_admin/components/jquery.aa.checkbox-toggler.js - 304 Not Modified (0ms)


Started GET "/assets/active_admin/components/jquery.aa.dropdown-menu.js?body=1" for 127.0.0.1 at 2013-05-05 21:42:30 -0700
Served asset /active_admin/components/jquery.aa.dropdown-menu.js - 304 Not Modified (0ms)


Started GET "/assets/active_admin/lib/namespace.js?body=1" for 127.0.0.1 at 2013-05-05 21:42:30 -0700
Served asset /active_admin/lib/namespace.js - 304 Not Modified (0ms)


Started GET "/assets/active_admin/components/jquery.aa.popover.js?body=1" for 127.0.0.1 at 2013-05-05 21:42:30 -0700
Served asset /active_admin/components/jquery.aa.popover.js - 304 Not Modified (0ms)


Started GET "/assets/active_admin/components/jquery.aa.table-checkbox-toggler.js?body=1" for 127.0.0.1 at 2013-05-05 21:42:30 -0700
Served asset /active_admin/components/jquery.aa.table-checkbox-toggler.js - 304 Not Modified (0ms)


Started GET "/assets/active_admin/pages/application.js?body=1" for 127.0.0.1 at 2013-05-05 21:42:30 -0700
Served asset /active_admin/pages/application.js - 304 Not Modified (0ms)


Started GET "/assets/active_admin/application.js?body=1" for 127.0.0.1 at 2013-05-05 21:42:30 -0700
Served asset /active_admin/application.js - 304 Not Modified (0ms)


Started GET "/assets/active_admin/pages/batch_actions.js?body=1" for 127.0.0.1 at 2013-05-05 21:42:30 -0700
Served asset /active_admin/pages/batch_actions.js - 304 Not Modified (0ms)


Started GET "/assets/active_admin/base.js?body=1" for 127.0.0.1 at 2013-05-05 21:42:30 -0700
Served asset /active_admin/base.js - 304 Not Modified (0ms)


Started GET "/assets/active_admin.js?body=1" for 127.0.0.1 at 2013-05-05 21:42:30 -0700
Served asset /active_admin.js - 304 Not Modified (0ms)


Started GET "/assets/application.js?body=1" for 127.0.0.1 at 2013-05-05 21:42:30 -0700
Served asset /application.js - 304 Not Modified (26ms)


Started GET "/assets/slide_concept.png" for 127.0.0.1 at 2013-05-05 21:42:31 -0700
Served asset /slide_concept.png - 304 Not Modified (7ms)


Started GET "/assets/intl_gum_logo_large.jpg" for 127.0.0.1 at 2013-05-05 21:42:31 -0700
Served asset /intl_gum_logo_large.jpg - 304 Not Modified (1ms)


Started GET "/assets/filler_v12.jpg" for 127.0.0.1 at 2013-05-05 21:42:31 -0700
Served asset /filler_v12.jpg - 304 Not Modified (9ms)


Started GET "/assets/slide_rate.png" for 127.0.0.1 at 2013-05-05 21:42:31 -0700
Served asset /slide_rate.png - 304 Not Modified (1ms)


Started GET "/assets/logo_small.png" for 127.0.0.1 at 2013-05-05 21:42:31 -0700
Served asset /logo_small.png - 304 Not Modified (2ms)


Started GET "/gums" for 127.0.0.1 at 2013-05-05 21:42:32 -0700
Processing by GumsController#index as HTML
  Rendered layouts/_main_nav.html.erb (1.1ms)
  [1m[36mGum Load (6.7ms)[0m  [1mSELECT DISTINCT `gums`.* FROM `gums` WHERE `gums`.`active` = 1 ORDER BY RAND(05574312873043208) LIMIT 10 OFFSET 0[0m
  [1m[35m (0.4ms)[0m  SELECT COUNT(*) FROM `gum_rating_relationships` WHERE `gum_rating_relationships`.`gum_id` = 70
  [1m[36m (0.6ms)[0m  [1mSELECT COUNT(*) FROM `votes` WHERE `votes`.`voteable_id` = 70 AND `votes`.`voteable_type` = 'Gum' AND `votes`.`vote` = 0[0m
  [1m[35mCACHE (0.0ms)[0m  SELECT COUNT(*) FROM `votes` WHERE `votes`.`voteable_id` = 70 AND `votes`.`voteable_type` = 'Gum' AND `votes`.`vote` = 0
  [1m[36m (0.4ms)[0m  [1mSELECT COUNT(*) FROM `votes` WHERE `votes`.`voteable_id` = 70 AND `votes`.`voteable_type` = 'Gum' AND `votes`.`vote` = 1[0m
  [1m[35mCACHE (0.0ms)[0m  SELECT COUNT(*) FROM `votes` WHERE `votes`.`voteable_id` = 70 AND `votes`.`voteable_type` = 'Gum' AND `votes`.`vote` = 1
  [1m[36m (0.4ms)[0m  [1mSELECT COUNT(*) FROM `gum_rating_relationships` WHERE `gum_rating_relationships`.`gum_id` = 170[0m
  [1m[35m (0.3ms)[0m  SELECT COUNT(*) FROM `votes` WHERE `votes`.`voteable_id` = 170 AND `votes`.`voteable_type` = 'Gum' AND `votes`.`vote` = 0
  [1m[36mCACHE (0.0ms)[0m  [1mSELECT COUNT(*) FROM `votes` WHERE `votes`.`voteable_id` = 170 AND `votes`.`voteable_type` = 'Gum' AND `votes`.`vote` = 0[0m
  [1m[35m (0.4ms)[0m  SELECT COUNT(*) FROM `votes` WHERE `votes`.`voteable_id` = 170 AND `votes`.`voteable_type` = 'Gum' AND `votes`.`vote` = 1
  [1m[36mCACHE (0.0ms)[0m  [1mSELECT COUNT(*) FROM `votes` WHERE `votes`.`voteable_id` = 170 AND `votes`.`voteable_type` = 'Gum' AND `votes`.`vote` = 1[0m
  [1m[35m (0.4ms)[0m  SELECT COUNT(*) FROM `gum_rating_relationships` WHERE `gum_rating_relationships`.`gum_id` = 61
  [1m[36m (0.4ms)[0m  [1mSELECT COUNT(*) FROM `votes` WHERE `votes`.`voteable_id` = 61 AND `votes`.`voteable_type` = 'Gum' AND `votes`.`vote` = 0[0m
  [1m[35mCACHE (0.0ms)[0m  SELECT COUNT(*) FROM `votes` WHERE `votes`.`voteable_id` = 61 AND `votes`.`voteable_type` = 'Gum' AND `votes`.`vote` = 0
  [1m[36m (0.3ms)[0m  [1mSELECT COUNT(*) FROM `votes` WHERE `votes`.`voteable_id` = 61 AND `votes`.`voteable_type` = 'Gum' AND `votes`.`vote` = 1[0m
  [1m[35mCACHE (0.0ms)[0m  SELECT COUNT(*) FROM `votes` WHERE `votes`.`voteable_id` = 61 AND `votes`.`voteable_type` = 'Gum' AND `votes`.`vote` = 1
  [1m[36m (0.4ms)[0m  [1mSELECT COUNT(*) FROM `gum_rating_relationships` WHERE `gum_rating_relationships`.`gum_id` = 245[0m
  [1m[35m (0.4ms)[0m  SELECT COUNT(*) FROM `votes` WHERE `votes`.`voteable_id` = 245 AND `votes`.`voteable_type` = 'Gum' AND `votes`.`vote` = 0
  [1m[36mCACHE (0.0ms)[0m  [1mSELECT COUNT(*) FROM `votes` WHERE `votes`.`voteable_id` = 245 AND `votes`.`voteable_type` = 'Gum' AND `votes`.`vote` = 0[0m
  [1m[35m (0.4ms)[0m  SELECT COUNT(*) FROM `votes` WHERE `votes`.`voteable_id` = 245 AND `votes`.`voteable_type` = 'Gum' AND `votes`.`vote` = 1
  [1m[36mCACHE (0.0ms)[0m  [1mSELECT COUNT(*) FROM `votes` WHERE `votes`.`voteable_id` = 245 AND `votes`.`voteable_type` = 'Gum' AND `votes`.`vote` = 1[0m
  [1m[35m (0.2ms)[0m  SELECT COUNT(*) FROM `gum_rating_relationships` WHERE `gum_rating_relationships`.`gum_id` = 165
  [1m[36m (0.4ms)[0m  [1mSELECT COUNT(*) FROM `votes` WHERE `votes`.`voteable_id` = 165 AND `votes`.`voteable_type` = 'Gum' AND `votes`.`vote` = 0[0m
  [1m[35mCACHE (0.0ms)[0m  SELECT COUNT(*) FROM `votes` WHERE `votes`.`voteable_id` = 165 AND `votes`.`voteable_type` = 'Gum' AND `votes`.`vote` = 0
  [1m[36m (0.6ms)[0m  [1mSELECT COUNT(*) FROM `votes` WHERE `votes`.`voteable_id` = 165 AND `votes`.`voteable_type` = 'Gum' AND `votes`.`vote` = 1[0m
  [1m[35mCACHE (0.0ms)[0m  SELECT COUNT(*) FROM `votes` WHERE `votes`.`voteable_id` = 165 AND `votes`.`voteable_type` = 'Gum' AND `votes`.`vote` = 1
  [1m[36m (0.4ms)[0m  [1mSELECT COUNT(*) FROM `gum_rating_relationships` WHERE `gum_rating_relationships`.`gum_id` = 49[0m
  [1m[35m (0.4ms)[0m  SELECT COUNT(*) FROM `votes` WHERE `votes`.`voteable_id` = 49 AND `votes`.`voteable_type` = 'Gum' AND `votes`.`vote` = 0
  [1m[36mCACHE (0.0ms)[0m  [1mSELECT COUNT(*) FROM `votes` WHERE `votes`.`voteable_id` = 49 AND `votes`.`voteable_type` = 'Gum' AND `votes`.`vote` = 0[0m
  [1m[35m (0.3ms)[0m  SELECT COUNT(*) FROM `votes` WHERE `votes`.`voteable_id` = 49 AND `votes`.`voteable_type` = 'Gum' AND `votes`.`vote` = 1
  [1m[36mCACHE (0.0ms)[0m  [1mSELECT COUNT(*) FROM `votes` WHERE `votes`.`voteable_id` = 49 AND `votes`.`voteable_type` = 'Gum' AND `votes`.`vote` = 1[0m
  [1m[35m (0.4ms)[0m  SELECT COUNT(*) FROM `gum_rating_relationships` WHERE `gum_rating_relationships`.`gum_id` = 256
  [1m[36m (0.3ms)[0m  [1mSELECT COUNT(*) FROM `votes` WHERE `votes`.`voteable_id` = 256 AND `votes`.`voteable_type` = 'Gum' AND `votes`.`vote` = 0[0m
  [1m[35mCACHE (0.0ms)[0m  SELECT COUNT(*) FROM `votes` WHERE `votes`.`voteable_id` = 256 AND `votes`.`voteable_type` = 'Gum' AND `votes`.`vote` = 0
  [1m[36m (0.3ms)[0m  [1mSELECT COUNT(*) FROM `votes` WHERE `votes`.`voteable_id` = 256 AND `votes`.`voteable_type` = 'Gum' AND `votes`.`vote` = 1[0m
  [1m[35mCACHE (0.0ms)[0m  SELECT COUNT(*) FROM `votes` WHERE `votes`.`voteable_id` = 256 AND `votes`.`voteable_type` = 'Gum' AND `votes`.`vote` = 1
  [1m[36m (0.4ms)[0m  [1mSELECT COUNT(*) FROM `gum_rating_relationships` WHERE `gum_rating_relationships`.`gum_id` = 45[0m
  [1m[35m (0.4ms)[0m  SELECT COUNT(*) FROM `votes` WHERE `votes`.`voteable_id` = 45 AND `votes`.`voteable_type` = 'Gum' AND `votes`.`vote` = 0
  [1m[36mCACHE (0.0ms)[0m  [1mSELECT COUNT(*) FROM `votes` WHERE `votes`.`voteable_id` = 45 AND `votes`.`voteable_type` = 'Gum' AND `votes`.`vote` = 0[0m
  [1m[35m (0.4ms)[0m  SELECT COUNT(*) FROM `votes` WHERE `votes`.`voteable_id` = 45 AND `votes`.`voteable_type` = 'Gum' AND `votes`.`vote` = 1
  [1m[36mCACHE (0.0ms)[0m  [1mSELECT COUNT(*) FROM `votes` WHERE `votes`.`voteable_id` = 45 AND `votes`.`voteable_type` = 'Gum' AND `votes`.`vote` = 1[0m
  [1m[35m (0.4ms)[0m  SELECT COUNT(*) FROM `gum_rating_relationships` WHERE `gum_rating_relationships`.`gum_id` = 50
  [1m[36m (0.4ms)[0m  [1mSELECT COUNT(*) FROM `votes` WHERE `votes`.`voteable_id` = 50 AND `votes`.`voteable_type` = 'Gum' AND `votes`.`vote` = 0[0m
  [1m[35mCACHE (0.0ms)[0m  SELECT COUNT(*) FROM `votes` WHERE `votes`.`voteable_id` = 50 AND `votes`.`voteable_type` = 'Gum' AND `votes`.`vote` = 0
  [1m[36m (0.5ms)[0m  [1mSELECT COUNT(*) FROM `votes` WHERE `votes`.`voteable_id` = 50 AND `votes`.`voteable_type` = 'Gum' AND `votes`.`vote` = 1[0m
  [1m[35mCACHE (0.0ms)[0m  SELECT COUNT(*) FROM `votes` WHERE `votes`.`voteable_id` = 50 AND `votes`.`voteable_type` = 'Gum' AND `votes`.`vote` = 1
  [1m[36m (0.4ms)[0m  [1mSELECT COUNT(*) FROM `gum_rating_relationships` WHERE `gum_rating_relationships`.`gum_id` = 114[0m
  [1m[35m (0.4ms)[0m  SELECT COUNT(*) FROM `votes` WHERE `votes`.`voteable_id` = 114 AND `votes`.`voteable_type` = 'Gum' AND `votes`.`vote` = 0
  [1m[36mCACHE (0.0ms)[0m  [1mSELECT COUNT(*) FROM `votes` WHERE `votes`.`voteable_id` = 114 AND `votes`.`voteable_type` = 'Gum' AND `votes`.`vote` = 0[0m
  [1m[35m (0.3ms)[0m  SELECT COUNT(*) FROM `votes` WHERE `votes`.`voteable_id` = 114 AND `votes`.`voteable_type` = 'Gum' AND `votes`.`vote` = 1
  [1m[36mCACHE (0.0ms)[0m  [1mSELECT COUNT(*) FROM `votes` WHERE `votes`.`voteable_id` = 114 AND `votes`.`voteable_type` = 'Gum' AND `votes`.`vote` = 1[0m
  [1m[35mGum Load (2.1ms)[0m  SELECT DISTINCT `gums`.* FROM `gums` WHERE `gums`.`active` = 1
  [1m[36mDynamicText Load (0.6ms)[0m  [1mSELECT `dynamic_texts`.* FROM `dynamic_texts` WHERE (location LIKE '%gum_general%' AND visible = '1') ORDER BY sequence ASC[0m
  Rendered gums/list.html.erb within layouts/application (259.8ms)
  Rendered layouts/_header.html.erb (1.3ms)
  Rendered layouts/_footer.html.erb (0.8ms)
Completed 200 OK in 420ms (Views: 386.8ms | ActiveRecord: 31.2ms)


Started GET "/assets/application.css?body=1" for 127.0.0.1 at 2013-05-05 21:42:32 -0700
Served asset /application.css - 304 Not Modified (0ms)


Started GET "/assets/jquery_ujs.js?body=1" for 127.0.0.1 at 2013-05-05 21:42:32 -0700
Served asset /jquery_ujs.js - 304 Not Modified (0ms)


Started GET "/assets/jquery.js?body=1" for 127.0.0.1 at 2013-05-05 21:42:32 -0700
Served asset /jquery.js - 304 Not Modified (0ms)


Started GET "/assets/jquery.cycle.all.js?body=1" for 127.0.0.1 at 2013-05-05 21:42:32 -0700
Served asset /jquery.cycle.all.js - 304 Not Modified (0ms)


Started GET "/assets/OLDhtml5_fix.js?body=1" for 127.0.0.1 at 2013-05-05 21:42:32 -0700
Served asset /OLDhtml5_fix.js - 304 Not Modified (0ms)


Started GET "/assets/html5shiv-printshiv.js?body=1" for 127.0.0.1 at 2013-05-05 21:42:32 -0700
Served asset /html5shiv-printshiv.js - 304 Not Modified (0ms)


Started GET "/assets/OLDhtml5shiv.js?body=1" for 127.0.0.1 at 2013-05-05 21:42:32 -0700
Served asset /OLDhtml5shiv.js - 304 Not Modified (0ms)


Started GET "/assets/jquery-ui.js?body=1" for 127.0.0.1 at 2013-05-05 21:42:32 -0700
Served asset /jquery-ui.js - 304 Not Modified (0ms)


Started GET "/assets/active_admin/lib/namespace.js?body=1" for 127.0.0.1 at 2013-05-05 21:42:32 -0700
Served asset /active_admin/lib/namespace.js - 304 Not Modified (0ms)


Started GET "/assets/active_admin/components/jquery.aa.checkbox-toggler.js?body=1" for 127.0.0.1 at 2013-05-05 21:42:32 -0700
Served asset /active_admin/components/jquery.aa.checkbox-toggler.js - 304 Not Modified (0ms)


Started GET "/assets/active_admin/components/jquery.aa.dropdown-menu.js?body=1" for 127.0.0.1 at 2013-05-05 21:42:32 -0700
Served asset /active_admin/components/jquery.aa.dropdown-menu.js - 304 Not Modified (0ms)


Started GET "/assets/active_admin/components/jquery.aa.popover.js?body=1" for 127.0.0.1 at 2013-05-05 21:42:32 -0700
Served asset /active_admin/components/jquery.aa.popover.js - 304 Not Modified (0ms)


Started GET "/assets/active_admin/components/jquery.aa.table-checkbox-toggler.js?body=1" for 127.0.0.1 at 2013-05-05 21:42:32 -0700
Served asset /active_admin/components/jquery.aa.table-checkbox-toggler.js - 304 Not Modified (0ms)


Started GET "/assets/active_admin/pages/application.js?body=1" for 127.0.0.1 at 2013-05-05 21:42:32 -0700
Served asset /active_admin/pages/application.js - 304 Not Modified (0ms)


Started GET "/assets/active_admin/pages/batch_actions.js?body=1" for 127.0.0.1 at 2013-05-05 21:42:32 -0700
Served asset /active_admin/pages/batch_actions.js - 304 Not Modified (0ms)


Started GET "/assets/active_admin/application.js?body=1" for 127.0.0.1 at 2013-05-05 21:42:32 -0700
Served asset /active_admin/application.js - 304 Not Modified (0ms)


Started GET "/assets/active_admin/base.js?body=1" for 127.0.0.1 at 2013-05-05 21:42:32 -0700
Served asset /active_admin/base.js - 304 Not Modified (0ms)


Started GET "/assets/active_admin.js?body=1" for 127.0.0.1 at 2013-05-05 21:42:32 -0700
Served asset /active_admin.js - 304 Not Modified (0ms)


Started GET "/assets/application.js?body=1" for 127.0.0.1 at 2013-05-05 21:42:32 -0700
Served asset /application.js - 304 Not Modified (0ms)


Started GET "/assets/logo_small.png" for 127.0.0.1 at 2013-05-05 21:42:32 -0700
Served asset /logo_small.png - 304 Not Modified (0ms)


Started GET "/assets/bust_grey3.png" for 127.0.0.1 at 2013-05-05 21:42:32 -0700
Served asset /bust_grey3.png - 304 Not Modified (7ms)


Started GET "/assets/bubble_grey3.png" for 127.0.0.1 at 2013-05-05 21:42:32 -0700
Served asset /bubble_grey3.png - 304 Not Modified (1ms)
